#
# There is insufficient memory for the Java Runtime Environment to continue.
# Native memory allocation (malloc) failed to allocate 32744 bytes for ChunkPool::allocate
# Possible reasons:
#   The system is out of physical RAM or swap space
#   The process is running with CompressedOops enabled, and the Java Heap may be blocking the growth of the native heap
# Possible solutions:
#   Reduce memory load on the system
#   Increase physical memory or swap space
#   Check if swap backing store is full
#   Decrease Java heap size (-Xmx/-Xms)
#   Decrease number of Java threads
#   Decrease Java thread stack sizes (-Xss)
#   Set larger code cache with -XX:ReservedCodeCacheSize=
#   JVM is running with Unscaled Compressed Oops mode in which the Java heap is
#     placed in the first 4GB address space. The Java Heap base address is the
#     maximum limit for the native heap growth. Please use -XX:HeapBaseMinAddress
#     to set the Java Heap base and to place the Java Heap above 4GB virtual address.
# This output file may be truncated or incomplete.
#
#  Out of Memory Error (./src/hotspot/share/memory/arena.cpp:81), pid=3560, tid=1884
#
# JRE version: OpenJDK Runtime Environment (11.0.8+10) (build 11.0.8+10-b944.6842174)
# Java VM: OpenJDK 64-Bit Server VM (11.0.8+10-b944.6842174, mixed mode, tiered, compressed oops, g1 gc, windows-amd64)
# No core dump will be written. Minidumps are not enabled by default on client versions of Windows
#

---------------  S U M M A R Y ------------

Command Line: org.jetbrains.kotlin.cli.jvm.K2JVMCompiler @C:\Users\admin\AndroidStudioProjects\NewsApp\app\build\20210623_17210045561892701855.compiler.options

Host: Intel(R) Core(TM) i7-4500U CPU @ 1.80GHz, 4 cores, 5G,  Windows 10 , 64 bit Build 19041 (10.0.19041.1023)
Time: Wed Jun 23 23:07:56 2021 Iran Daylight Time elapsed time: 32 seconds (0d 0h 0m 32s)

---------------  T H R E A D  ---------------

Current thread (0x000001db28ef0000):  JavaThread "C1 CompilerThread0" daemon [_thread_in_native, id=1884, stack(0x0000000b13300000,0x0000000b13400000)]


Current CompileTask:
C1:  32243 9995       3       org.jetbrains.org.objectweb.asm.ClassReader::readCode (5089 bytes)

Stack: [0x0000000b13300000,0x0000000b13400000]
Native frames: (J=compiled Java code, j=interpreted, Vv=VM code, C=native code)
V  [jvm.dll+0x5de50a]
V  [jvm.dll+0x7122f5]
V  [jvm.dll+0x71384d]
V  [jvm.dll+0x713f03]
V  [jvm.dll+0x23e728]
V  [jvm.dll+0xb8beb]
V  [jvm.dll+0xb8e9c]
V  [jvm.dll+0x369be4]
V  [jvm.dll+0x13b2dc]
V  [jvm.dll+0x138dec]
V  [jvm.dll+0x13b733]
V  [jvm.dll+0x13b57b]
V  [jvm.dll+0x11f124]
V  [jvm.dll+0x11ee45]
V  [jvm.dll+0x11ef63]
V  [jvm.dll+0x11e277]
V  [jvm.dll+0x11fe47]
V  [jvm.dll+0x205047]
V  [jvm.dll+0x203891]
V  [jvm.dll+0x6dad3f]
V  [jvm.dll+0x6d3895]
V  [jvm.dll+0x5dd4a6]
C  [ucrtbase.dll+0x21bb2]
C  [KERNEL32.DLL+0x17034]
C  [ntdll.dll+0x52651]


---------------  P R O C E S S  ---------------

Threads class SMR info:
_java_thread_list=0x000001db2d7e64b0, length=10, elements={
0x000001db100a8800, 0x000001db28ebd000, 0x000001db28ec0800, 0x000001db28ede800,
0x000001db28ee0800, 0x000001db28ee1800, 0x000001db28ef0000, 0x000001db28ef8800,
0x000001db299e5000, 0x000001db299f0800
}

Java Threads: ( => current thread )
  0x000001db100a8800 JavaThread "main" [_thread_in_vm, id=2668, stack(0x0000000b12700000,0x0000000b12800000)]
  0x000001db28ebd000 JavaThread "Reference Handler" daemon [_thread_blocked, id=10052, stack(0x0000000b12e00000,0x0000000b12f00000)]
  0x000001db28ec0800 JavaThread "Finalizer" daemon [_thread_blocked, id=10180, stack(0x0000000b12f00000,0x0000000b13000000)]
  0x000001db28ede800 JavaThread "Signal Dispatcher" daemon [_thread_blocked, id=5228, stack(0x0000000b13000000,0x0000000b13100000)]
  0x000001db28ee0800 JavaThread "Attach Listener" daemon [_thread_blocked, id=7068, stack(0x0000000b13100000,0x0000000b13200000)]
  0x000001db28ee1800 JavaThread "C2 CompilerThread0" daemon [_thread_in_native, id=6168, stack(0x0000000b13200000,0x0000000b13300000)]
=>0x000001db28ef0000 JavaThread "C1 CompilerThread0" daemon [_thread_in_native, id=1884, stack(0x0000000b13300000,0x0000000b13400000)]
  0x000001db28ef8800 JavaThread "Sweeper thread" daemon [_thread_blocked, id=11236, stack(0x0000000b13400000,0x0000000b13500000)]
  0x000001db299e5000 JavaThread "Service Thread" daemon [_thread_blocked, id=10188, stack(0x0000000b13500000,0x0000000b13600000)]
  0x000001db299f0800 JavaThread "Common-Cleaner" daemon [_thread_blocked, id=9596, stack(0x0000000b13700000,0x0000000b13800000)]

Other Threads:
  0x000001db28e9a000 VMThread "VM Thread" [stack: 0x0000000b12d00000,0x0000000b12e00000] [id=5648]
  0x000001db299e7800 WatcherThread [stack: 0x0000000b13600000,0x0000000b13700000] [id=12896]
  0x000001db100c1800 GCTaskThread "GC Thread#0" [stack: 0x0000000b12800000,0x0000000b12900000] [id=6696]
  0x000001db29f47000 GCTaskThread "GC Thread#1" [stack: 0x0000000b13800000,0x0000000b13900000] [id=1676]
  0x000001db2a0aa800 GCTaskThread "GC Thread#2" [stack: 0x0000000b13a00000,0x0000000b13b00000] [id=11328]
  0x000001db100ea800 ConcurrentGCThread "G1 Main Marker" [stack: 0x0000000b12900000,0x0000000b12a00000] [id=6872]
  0x000001db100eb800 ConcurrentGCThread "G1 Conc#0" [stack: 0x0000000b12a00000,0x0000000b12b00000] [id=7400]
  0x000001db10163800 ConcurrentGCThread "G1 Refine#0" [stack: 0x0000000b12b00000,0x0000000b12c00000] [id=2576]
  0x000001db10165800 ConcurrentGCThread "G1 Young RemSet Sampling" [stack: 0x0000000b12c00000,0x0000000b12d00000] [id=776]

Threads with active compile tasks:
C2 CompilerThread0  32304 9978       4       org.jetbrains.org.objectweb.asm.ClassReader::readMethod (1061 bytes)
C1 CompilerThread0  32304 9995       3       org.jetbrains.org.objectweb.asm.ClassReader::readCode (5089 bytes)

VM state:not at safepoint (normal execution)

VM Mutex/Monitor currently owned by a thread: None

Heap address: 0x00000000a1c00000, size: 1508 MB, Compressed Oops mode: 32-bit
Narrow klass base: 0x0000000000000000, Narrow klass shift: 3
Compressed class space size: 1073741824 Address: 0x0000000100000000

Heap:
 garbage-first heap   total 191488K, used 99840K [0x00000000a1c00000, 0x0000000100000000)
  region size 1024K, 45 young (46080K), 7 survivors (7168K)
 Metaspace       used 65718K, capacity 66575K, committed 66768K, reserved 1107968K
  class space    used 7327K, capacity 7646K, committed 7680K, reserved 1048576K
Heap Regions: E=young(eden), S=young(survivor), O=old, HS=humongous(starts), HC=humongous(continues), CS=collection set, F=free, A=archive, TAMS=top-at-mark-start (previous, next)
|   0|0x00000000a1c00000, 0x00000000a1d00000, 0x00000000a1d00000|100%|HS|  |TAMS 0x00000000a1d00000, 0x00000000a1c00000| Complete 
|   1|0x00000000a1d00000, 0x00000000a1e00000, 0x00000000a1e00000|100%|HC|  |TAMS 0x00000000a1e00000, 0x00000000a1d00000| Complete 
|   2|0x00000000a1e00000, 0x00000000a1f00000, 0x00000000a1f00000|100%|HC|  |TAMS 0x00000000a1f00000, 0x00000000a1e00000| Complete 
|   3|0x00000000a1f00000, 0x00000000a2000000, 0x00000000a2000000|100%| O|  |TAMS 0x00000000a2000000, 0x00000000a1f00000| Untracked 
|   4|0x00000000a2000000, 0x00000000a2100000, 0x00000000a2100000|100%| O|  |TAMS 0x00000000a2100000, 0x00000000a2000000| Untracked 
|   5|0x00000000a2100000, 0x00000000a2200000, 0x00000000a2200000|100%|HS|  |TAMS 0x00000000a2200000, 0x00000000a2100000| Complete 
|   6|0x00000000a2200000, 0x00000000a2300000, 0x00000000a2300000|100%|HC|  |TAMS 0x00000000a2300000, 0x00000000a2200000| Complete 
|   7|0x00000000a2300000, 0x00000000a2400000, 0x00000000a2400000|100%|HC|  |TAMS 0x00000000a2400000, 0x00000000a2300000| Complete 
|   8|0x00000000a2400000, 0x00000000a2500000, 0x00000000a2500000|100%|HS|  |TAMS 0x00000000a2500000, 0x00000000a2400000| Complete 
|   9|0x00000000a2500000, 0x00000000a2600000, 0x00000000a2600000|100%|HC|  |TAMS 0x00000000a2600000, 0x00000000a2500000| Complete 
|  10|0x00000000a2600000, 0x00000000a2700000, 0x00000000a2700000|100%|HC|  |TAMS 0x00000000a2700000, 0x00000000a2600000| Complete 
|  11|0x00000000a2700000, 0x00000000a2800000, 0x00000000a2800000|100%| O|  |TAMS 0x00000000a2800000, 0x00000000a2700000| Untracked 
|  12|0x00000000a2800000, 0x00000000a2900000, 0x00000000a2900000|100%| O|  |TAMS 0x00000000a2900000, 0x00000000a2800000| Untracked 
|  13|0x00000000a2900000, 0x00000000a2a00000, 0x00000000a2a00000|100%| O|  |TAMS 0x00000000a2a00000, 0x00000000a2900000| Untracked 
|  14|0x00000000a2a00000, 0x00000000a2b00000, 0x00000000a2b00000|100%| O|  |TAMS 0x00000000a2b00000, 0x00000000a2a00000| Untracked 
|  15|0x00000000a2b00000, 0x00000000a2c00000, 0x00000000a2c00000|100%|HS|  |TAMS 0x00000000a2c00000, 0x00000000a2b00000| Complete 
|  16|0x00000000a2c00000, 0x00000000a2d00000, 0x00000000a2d00000|100%|HC|  |TAMS 0x00000000a2d00000, 0x00000000a2c00000| Complete 
|  17|0x00000000a2d00000, 0x00000000a2e00000, 0x00000000a2e00000|100%| O|  |TAMS 0x00000000a2e00000, 0x00000000a2d00000| Untracked 
|  18|0x00000000a2e00000, 0x00000000a2f00000, 0x00000000a2f00000|100%| O|  |TAMS 0x00000000a2f00000, 0x00000000a2e00000| Untracked 
|  19|0x00000000a2f00000, 0x00000000a3000000, 0x00000000a3000000|100%| O|  |TAMS 0x00000000a3000000, 0x00000000a2f00000| Untracked 
|  20|0x00000000a3000000, 0x00000000a3100000, 0x00000000a3100000|100%| O|  |TAMS 0x00000000a3100000, 0x00000000a3000000| Untracked 
|  21|0x00000000a3100000, 0x00000000a3200000, 0x00000000a3200000|100%| O|  |TAMS 0x00000000a3200000, 0x00000000a3100000| Untracked 
|  22|0x00000000a3200000, 0x00000000a3300000, 0x00000000a3300000|100%| O|  |TAMS 0x00000000a3300000, 0x00000000a3200000| Untracked 
|  23|0x00000000a3300000, 0x00000000a3400000, 0x00000000a3400000|100%| O|  |TAMS 0x00000000a3400000, 0x00000000a3300000| Untracked 
|  24|0x00000000a3400000, 0x00000000a3500000, 0x00000000a3500000|100%| O|  |TAMS 0x00000000a3500000, 0x00000000a3400000| Untracked 
|  25|0x00000000a3500000, 0x00000000a3600000, 0x00000000a3600000|100%| O|  |TAMS 0x00000000a3600000, 0x00000000a3500000| Untracked 
|  26|0x00000000a3600000, 0x00000000a3700000, 0x00000000a3700000|100%| O|  |TAMS 0x00000000a3700000, 0x00000000a3600000| Untracked 
|  27|0x00000000a3700000, 0x00000000a3800000, 0x00000000a3800000|100%| O|  |TAMS 0x00000000a3800000, 0x00000000a3700000| Untracked 
|  28|0x00000000a3800000, 0x00000000a3900000, 0x00000000a3900000|100%| O|  |TAMS 0x00000000a3900000, 0x00000000a3800000| Untracked 
|  29|0x00000000a3900000, 0x00000000a3a00000, 0x00000000a3a00000|100%| O|  |TAMS 0x00000000a3a00000, 0x00000000a3900000| Untracked 
|  30|0x00000000a3a00000, 0x00000000a3b00000, 0x00000000a3b00000|100%| O|  |TAMS 0x00000000a3b00000, 0x00000000a3a00000| Untracked 
|  31|0x00000000a3b00000, 0x00000000a3c00000, 0x00000000a3c00000|100%| O|  |TAMS 0x00000000a3c00000, 0x00000000a3b00000| Untracked 
|  32|0x00000000a3c00000, 0x00000000a3d00000, 0x00000000a3d00000|100%| O|  |TAMS 0x00000000a3d00000, 0x00000000a3c00000| Untracked 
|  33|0x00000000a3d00000, 0x00000000a3e00000, 0x00000000a3e00000|100%| O|  |TAMS 0x00000000a3e00000, 0x00000000a3d00000| Untracked 
|  34|0x00000000a3e00000, 0x00000000a3f00000, 0x00000000a3f00000|100%| O|  |TAMS 0x00000000a3f00000, 0x00000000a3e00000| Untracked 
|  35|0x00000000a3f00000, 0x00000000a4000000, 0x00000000a4000000|100%| O|  |TAMS 0x00000000a4000000, 0x00000000a3f00000| Untracked 
|  36|0x00000000a4000000, 0x00000000a4100000, 0x00000000a4100000|100%| O|  |TAMS 0x00000000a4100000, 0x00000000a4000000| Untracked 
|  37|0x00000000a4100000, 0x00000000a4200000, 0x00000000a4200000|100%| O|  |TAMS 0x00000000a4200000, 0x00000000a4100000| Untracked 
|  38|0x00000000a4200000, 0x00000000a4300000, 0x00000000a4300000|100%| O|  |TAMS 0x00000000a4300000, 0x00000000a4200000| Untracked 
|  39|0x00000000a4300000, 0x00000000a4400000, 0x00000000a4400000|100%| O|  |TAMS 0x00000000a4400000, 0x00000000a4300000| Untracked 
|  40|0x00000000a4400000, 0x00000000a4500000, 0x00000000a4500000|100%| O|  |TAMS 0x00000000a4500000, 0x00000000a4400000| Untracked 
|  41|0x00000000a4500000, 0x00000000a4600000, 0x00000000a4600000|100%| O|  |TAMS 0x00000000a4600000, 0x00000000a4500000| Untracked 
|  42|0x00000000a4600000, 0x00000000a4700000, 0x00000000a4700000|100%| O|  |TAMS 0x00000000a4700000, 0x00000000a4600000| Untracked 
|  43|0x00000000a4700000, 0x00000000a4800000, 0x00000000a4800000|100%| O|  |TAMS 0x00000000a4800000, 0x00000000a4700000| Untracked 
|  44|0x00000000a4800000, 0x00000000a4900000, 0x00000000a4900000|100%| O|  |TAMS 0x00000000a4900000, 0x00000000a4800000| Untracked 
|  45|0x00000000a4900000, 0x00000000a4a00000, 0x00000000a4a00000|100%| O|  |TAMS 0x00000000a4980000, 0x00000000a4900000| Untracked 
|  46|0x00000000a4a00000, 0x00000000a4b00000, 0x00000000a4b00000|100%| O|  |TAMS 0x00000000a4a00000, 0x00000000a4a00000| Untracked 
|  47|0x00000000a4b00000, 0x00000000a4c00000, 0x00000000a4c00000|100%| O|  |TAMS 0x00000000a4b00000, 0x00000000a4b00000| Untracked 
|  48|0x00000000a4c00000, 0x00000000a4d00000, 0x00000000a4d00000|100%| O|  |TAMS 0x00000000a4c00000, 0x00000000a4c00000| Untracked 
|  49|0x00000000a4d00000, 0x00000000a4e00000, 0x00000000a4e00000|100%| O|  |TAMS 0x00000000a4d00000, 0x00000000a4d00000| Untracked 
|  50|0x00000000a4e00000, 0x00000000a4f00000, 0x00000000a4f00000|100%| O|  |TAMS 0x00000000a4e00000, 0x00000000a4e00000| Untracked 
|  51|0x00000000a4f00000, 0x00000000a5000000, 0x00000000a5000000|100%| O|  |TAMS 0x00000000a4f00000, 0x00000000a4f00000| Untracked 
|  52|0x00000000a5000000, 0x00000000a5100000, 0x00000000a5100000|100%| O|  |TAMS 0x00000000a5000000, 0x00000000a5000000| Untracked 
|  53|0x00000000a5100000, 0x00000000a5200000, 0x00000000a5200000|100%| O|  |TAMS 0x00000000a5100000, 0x00000000a5100000| Untracked 
|  54|0x00000000a5200000, 0x00000000a5200000, 0x00000000a5300000|  0%| F|  |TAMS 0x00000000a5200000, 0x00000000a5200000| Untracked 
|  55|0x00000000a5300000, 0x00000000a5300000, 0x00000000a5400000|  0%| F|  |TAMS 0x00000000a5300000, 0x00000000a5300000| Untracked 
|  56|0x00000000a5400000, 0x00000000a5400000, 0x00000000a5500000|  0%| F|  |TAMS 0x00000000a5400000, 0x00000000a5400000| Untracked 
|  57|0x00000000a5500000, 0x00000000a5500000, 0x00000000a5600000|  0%| F|  |TAMS 0x00000000a5500000, 0x00000000a5500000| Untracked 
|  58|0x00000000a5600000, 0x00000000a5600000, 0x00000000a5700000|  0%| F|  |TAMS 0x00000000a5600000, 0x00000000a5600000| Untracked 
|  59|0x00000000a5700000, 0x00000000a5700000, 0x00000000a5800000|  0%| F|  |TAMS 0x00000000a5700000, 0x00000000a5700000| Untracked 
|  60|0x00000000a5800000, 0x00000000a5800000, 0x00000000a5900000|  0%| F|  |TAMS 0x00000000a5800000, 0x00000000a5800000| Untracked 
|  61|0x00000000a5900000, 0x00000000a5900000, 0x00000000a5a00000|  0%| F|  |TAMS 0x00000000a5900000, 0x00000000a5900000| Untracked 
|  62|0x00000000a5a00000, 0x00000000a5a00000, 0x00000000a5b00000|  0%| F|  |TAMS 0x00000000a5a00000, 0x00000000a5a00000| Untracked 
|  63|0x00000000a5b00000, 0x00000000a5b00000, 0x00000000a5c00000|  0%| F|  |TAMS 0x00000000a5b00000, 0x00000000a5b00000| Untracked 
|  64|0x00000000a5c00000, 0x00000000a5c00000, 0x00000000a5d00000|  0%| F|  |TAMS 0x00000000a5c00000, 0x00000000a5c00000| Untracked 
|  65|0x00000000a5d00000, 0x00000000a5d00000, 0x00000000a5e00000|  0%| F|  |TAMS 0x00000000a5d00000, 0x00000000a5d00000| Untracked 
|  66|0x00000000a5e00000, 0x00000000a5e00000, 0x00000000a5f00000|  0%| F|  |TAMS 0x00000000a5e00000, 0x00000000a5e00000| Untracked 
|  67|0x00000000a5f00000, 0x00000000a5f00000, 0x00000000a6000000|  0%| F|  |TAMS 0x00000000a5f00000, 0x00000000a5f00000| Untracked 
|  68|0x00000000a6000000, 0x00000000a6000000, 0x00000000a6100000|  0%| F|  |TAMS 0x00000000a6000000, 0x00000000a6000000| Untracked 
|  69|0x00000000a6100000, 0x00000000a6100000, 0x00000000a6200000|  0%| F|  |TAMS 0x00000000a6100000, 0x00000000a6100000| Untracked 
|  70|0x00000000a6200000, 0x00000000a6280000, 0x00000000a6300000| 50%| S|CS|TAMS 0x00000000a6200000, 0x00000000a6200000| Complete 
|  71|0x00000000a6300000, 0x00000000a6300000, 0x00000000a6400000|  0%| F|  |TAMS 0x00000000a6300000, 0x00000000a6300000| Untracked 
|  72|0x00000000a6400000, 0x00000000a6400000, 0x00000000a6500000|  0%| F|  |TAMS 0x00000000a6400000, 0x00000000a6400000| Untracked 
|  73|0x00000000a6500000, 0x00000000a6500000, 0x00000000a6600000|  0%| F|  |TAMS 0x00000000a6500000, 0x00000000a6500000| Untracked 
|  74|0x00000000a6600000, 0x00000000a6600000, 0x00000000a6700000|  0%| F|  |TAMS 0x00000000a6600000, 0x00000000a6600000| Untracked 
|  75|0x00000000a6700000, 0x00000000a6700000, 0x00000000a6800000|  0%| F|  |TAMS 0x00000000a6700000, 0x00000000a6700000| Untracked 
|  76|0x00000000a6800000, 0x00000000a6800000, 0x00000000a6900000|  0%| F|  |TAMS 0x00000000a6800000, 0x00000000a6800000| Untracked 
|  77|0x00000000a6900000, 0x00000000a6a00000, 0x00000000a6a00000|100%| S|CS|TAMS 0x00000000a6900000, 0x00000000a6900000| Complete 
|  78|0x00000000a6a00000, 0x00000000a6b00000, 0x00000000a6b00000|100%| S|CS|TAMS 0x00000000a6a00000, 0x00000000a6a00000| Complete 
|  79|0x00000000a6b00000, 0x00000000a6c00000, 0x00000000a6c00000|100%| S|CS|TAMS 0x00000000a6b00000, 0x00000000a6b00000| Complete 
|  80|0x00000000a6c00000, 0x00000000a6d00000, 0x00000000a6d00000|100%| S|CS|TAMS 0x00000000a6c00000, 0x00000000a6c00000| Complete 
|  81|0x00000000a6d00000, 0x00000000a6e00000, 0x00000000a6e00000|100%| S|CS|TAMS 0x00000000a6d00000, 0x00000000a6d00000| Complete 
|  82|0x00000000a6e00000, 0x00000000a6f00000, 0x00000000a6f00000|100%| S|CS|TAMS 0x00000000a6e00000, 0x00000000a6e00000| Complete 
|  83|0x00000000a6f00000, 0x00000000a6f00000, 0x00000000a7000000|  0%| F|  |TAMS 0x00000000a6f00000, 0x00000000a6f00000| Untracked 
|  84|0x00000000a7000000, 0x00000000a7000000, 0x00000000a7100000|  0%| F|  |TAMS 0x00000000a7000000, 0x00000000a7000000| Untracked 
|  85|0x00000000a7100000, 0x00000000a7100000, 0x00000000a7200000|  0%| F|  |TAMS 0x00000000a7100000, 0x00000000a7100000| Untracked 
|  86|0x00000000a7200000, 0x00000000a7200000, 0x00000000a7300000|  0%| F|  |TAMS 0x00000000a7200000, 0x00000000a7200000| Untracked 
|  87|0x00000000a7300000, 0x00000000a7300000, 0x00000000a7400000|  0%| F|  |TAMS 0x00000000a7300000, 0x00000000a7300000| Untracked 
|  88|0x00000000a7400000, 0x00000000a7400000, 0x00000000a7500000|  0%| F|  |TAMS 0x00000000a7400000, 0x00000000a7400000| Untracked 
|  89|0x00000000a7500000, 0x00000000a7500000, 0x00000000a7600000|  0%| F|  |TAMS 0x00000000a7500000, 0x00000000a7500000| Untracked 
|  90|0x00000000a7600000, 0x00000000a7600000, 0x00000000a7700000|  0%| F|  |TAMS 0x00000000a7600000, 0x00000000a7600000| Untracked 
|  91|0x00000000a7700000, 0x00000000a7700000, 0x00000000a7800000|  0%| F|  |TAMS 0x00000000a7700000, 0x00000000a7700000| Untracked 
|  92|0x00000000a7800000, 0x00000000a7800000, 0x00000000a7900000|  0%| F|  |TAMS 0x00000000a7800000, 0x00000000a7800000| Untracked 
|  93|0x00000000a7900000, 0x00000000a7900000, 0x00000000a7a00000|  0%| F|  |TAMS 0x00000000a7900000, 0x00000000a7900000| Untracked 
|  94|0x00000000a7a00000, 0x00000000a7a00000, 0x00000000a7b00000|  0%| F|  |TAMS 0x00000000a7a00000, 0x00000000a7a00000| Untracked 
|  95|0x00000000a7b00000, 0x00000000a7b00000, 0x00000000a7c00000|  0%| F|  |TAMS 0x00000000a7b00000, 0x00000000a7b00000| Untracked 
|  96|0x00000000a7c00000, 0x00000000a7c00000, 0x00000000a7d00000|  0%| F|  |TAMS 0x00000000a7c00000, 0x00000000a7c00000| Untracked 
|  97|0x00000000a7d00000, 0x00000000a7d00000, 0x00000000a7e00000|  0%| F|  |TAMS 0x00000000a7d00000, 0x00000000a7d00000| Untracked 
|  98|0x00000000a7e00000, 0x00000000a7e00000, 0x00000000a7f00000|  0%| F|  |TAMS 0x00000000a7e00000, 0x00000000a7e00000| Untracked 
|  99|0x00000000a7f00000, 0x00000000a7f00000, 0x00000000a8000000|  0%| F|  |TAMS 0x00000000a7f00000, 0x00000000a7f00000| Untracked 
| 100|0x00000000a8000000, 0x00000000a8000000, 0x00000000a8100000|  0%| F|  |TAMS 0x00000000a8000000, 0x00000000a8000000| Untracked 
| 101|0x00000000a8100000, 0x00000000a8100000, 0x00000000a8200000|  0%| F|  |TAMS 0x00000000a8100000, 0x00000000a8100000| Untracked 
| 102|0x00000000a8200000, 0x00000000a8200000, 0x00000000a8300000|  0%| F|  |TAMS 0x00000000a8200000, 0x00000000a8200000| Untracked 
| 103|0x00000000a8300000, 0x00000000a8300000, 0x00000000a8400000|  0%| F|  |TAMS 0x00000000a8300000, 0x00000000a8300000| Untracked 
| 104|0x00000000a8400000, 0x00000000a8400000, 0x00000000a8500000|  0%| F|  |TAMS 0x00000000a8400000, 0x00000000a8400000| Untracked 
| 105|0x00000000a8500000, 0x00000000a8500000, 0x00000000a8600000|  0%| F|  |TAMS 0x00000000a8500000, 0x00000000a8500000| Untracked 
| 106|0x00000000a8600000, 0x00000000a8600000, 0x00000000a8700000|  0%| F|  |TAMS 0x00000000a8600000, 0x00000000a8600000| Untracked 
| 107|0x00000000a8700000, 0x00000000a8700000, 0x00000000a8800000|  0%| F|  |TAMS 0x00000000a8700000, 0x00000000a8700000| Untracked 
| 108|0x00000000a8800000, 0x00000000a8800000, 0x00000000a8900000|  0%| F|  |TAMS 0x00000000a8800000, 0x00000000a8800000| Untracked 
| 109|0x00000000a8900000, 0x00000000a8900000, 0x00000000a8a00000|  0%| F|  |TAMS 0x00000000a8900000, 0x00000000a8900000| Untracked 
| 110|0x00000000a8a00000, 0x00000000a8a00000, 0x00000000a8b00000|  0%| F|  |TAMS 0x00000000a8a00000, 0x00000000a8a00000| Untracked 
| 111|0x00000000a8b00000, 0x00000000a8b00000, 0x00000000a8c00000|  0%| F|  |TAMS 0x00000000a8b00000, 0x00000000a8b00000| Untracked 
| 112|0x00000000a8c00000, 0x00000000a8c00000, 0x00000000a8d00000|  0%| F|  |TAMS 0x00000000a8c00000, 0x00000000a8c00000| Untracked 
| 113|0x00000000a8d00000, 0x00000000a8d00000, 0x00000000a8e00000|  0%| F|  |TAMS 0x00000000a8d00000, 0x00000000a8d00000| Untracked 
| 114|0x00000000a8e00000, 0x00000000a8e00000, 0x00000000a8f00000|  0%| F|  |TAMS 0x00000000a8e00000, 0x00000000a8e00000| Untracked 
| 115|0x00000000a8f00000, 0x00000000a8f00000, 0x00000000a9000000|  0%| F|  |TAMS 0x00000000a8f00000, 0x00000000a8f00000| Untracked 
| 116|0x00000000a9000000, 0x00000000a9000000, 0x00000000a9100000|  0%| F|  |TAMS 0x00000000a9000000, 0x00000000a9000000| Untracked 
| 117|0x00000000a9100000, 0x00000000a9100000, 0x00000000a9200000|  0%| F|  |TAMS 0x00000000a9100000, 0x00000000a9100000| Untracked 
| 118|0x00000000a9200000, 0x00000000a9200000, 0x00000000a9300000|  0%| F|  |TAMS 0x00000000a9200000, 0x00000000a9200000| Untracked 
| 119|0x00000000a9300000, 0x00000000a9300000, 0x00000000a9400000|  0%| F|  |TAMS 0x00000000a9300000, 0x00000000a9300000| Untracked 
| 120|0x00000000a9400000, 0x00000000a9400000, 0x00000000a9500000|  0%| F|  |TAMS 0x00000000a9400000, 0x00000000a9400000| Untracked 
| 121|0x00000000a9500000, 0x00000000a9500000, 0x00000000a9600000|  0%| F|  |TAMS 0x00000000a9500000, 0x00000000a9500000| Untracked 
| 122|0x00000000a9600000, 0x00000000a9600000, 0x00000000a9700000|  0%| F|  |TAMS 0x00000000a9600000, 0x00000000a9600000| Untracked 
| 123|0x00000000a9700000, 0x00000000a9700000, 0x00000000a9800000|  0%| F|  |TAMS 0x00000000a9700000, 0x00000000a9700000| Untracked 
| 124|0x00000000a9800000, 0x00000000a9800000, 0x00000000a9900000|  0%| F|  |TAMS 0x00000000a9800000, 0x00000000a9800000| Untracked 
| 125|0x00000000a9900000, 0x00000000a9900000, 0x00000000a9a00000|  0%| F|  |TAMS 0x00000000a9900000, 0x00000000a9900000| Untracked 
| 126|0x00000000a9a00000, 0x00000000a9a00000, 0x00000000a9b00000|  0%| F|  |TAMS 0x00000000a9a00000, 0x00000000a9a00000| Untracked 
| 127|0x00000000a9b00000, 0x00000000a9b00000, 0x00000000a9c00000|  0%| F|  |TAMS 0x00000000a9b00000, 0x00000000a9b00000| Untracked 
| 128|0x00000000a9c00000, 0x00000000a9c00000, 0x00000000a9d00000|  0%| F|  |TAMS 0x00000000a9c00000, 0x00000000a9c00000| Untracked 
| 129|0x00000000a9d00000, 0x00000000a9d00000, 0x00000000a9e00000|  0%| F|  |TAMS 0x00000000a9d00000, 0x00000000a9d00000| Untracked 
| 130|0x00000000a9e00000, 0x00000000a9e00000, 0x00000000a9f00000|  0%| F|  |TAMS 0x00000000a9e00000, 0x00000000a9e00000| Untracked 
| 131|0x00000000a9f00000, 0x00000000a9f00000, 0x00000000aa000000|  0%| F|  |TAMS 0x00000000a9f00000, 0x00000000a9f00000| Untracked 
| 132|0x00000000aa000000, 0x00000000aa000000, 0x00000000aa100000|  0%| F|  |TAMS 0x00000000aa000000, 0x00000000aa000000| Untracked 
| 133|0x00000000aa100000, 0x00000000aa100000, 0x00000000aa200000|  0%| F|  |TAMS 0x00000000aa100000, 0x00000000aa100000| Untracked 
| 134|0x00000000aa200000, 0x00000000aa200000, 0x00000000aa300000|  0%| F|  |TAMS 0x00000000aa200000, 0x00000000aa200000| Untracked 
| 135|0x00000000aa300000, 0x00000000aa300000, 0x00000000aa400000|  0%| F|  |TAMS 0x00000000aa300000, 0x00000000aa300000| Untracked 
| 136|0x00000000aa400000, 0x00000000aa400000, 0x00000000aa500000|  0%| F|  |TAMS 0x00000000aa400000, 0x00000000aa400000| Untracked 
| 137|0x00000000aa500000, 0x00000000aa500000, 0x00000000aa600000|  0%| F|  |TAMS 0x00000000aa500000, 0x00000000aa500000| Untracked 
| 138|0x00000000aa600000, 0x00000000aa600000, 0x00000000aa700000|  0%| F|  |TAMS 0x00000000aa600000, 0x00000000aa600000| Untracked 
| 139|0x00000000aa700000, 0x00000000aa700000, 0x00000000aa800000|  0%| F|  |TAMS 0x00000000aa700000, 0x00000000aa700000| Untracked 
| 140|0x00000000aa800000, 0x00000000aa800000, 0x00000000aa900000|  0%| F|  |TAMS 0x00000000aa800000, 0x00000000aa800000| Untracked 
| 141|0x00000000aa900000, 0x00000000aa900000, 0x00000000aaa00000|  0%| F|  |TAMS 0x00000000aa900000, 0x00000000aa900000| Untracked 
| 142|0x00000000aaa00000, 0x00000000aaa00000, 0x00000000aab00000|  0%| F|  |TAMS 0x00000000aaa00000, 0x00000000aaa00000| Untracked 
| 143|0x00000000aab00000, 0x00000000aab00000, 0x00000000aac00000|  0%| F|  |TAMS 0x00000000aab00000, 0x00000000aab00000| Untracked 
| 144|0x00000000aac00000, 0x00000000aac00000, 0x00000000aad00000|  0%| F|  |TAMS 0x00000000aac00000, 0x00000000aac00000| Untracked 
| 145|0x00000000aad00000, 0x00000000aad00000, 0x00000000aae00000|  0%| F|  |TAMS 0x00000000aad00000, 0x00000000aad00000| Untracked 
| 146|0x00000000aae00000, 0x00000000aae00000, 0x00000000aaf00000|  0%| F|  |TAMS 0x00000000aae00000, 0x00000000aae00000| Untracked 
| 147|0x00000000aaf00000, 0x00000000aaf00000, 0x00000000ab000000|  0%| F|  |TAMS 0x00000000aaf00000, 0x00000000aaf00000| Untracked 
| 148|0x00000000ab000000, 0x00000000ab000000, 0x00000000ab100000|  0%| F|  |TAMS 0x00000000ab000000, 0x00000000ab000000| Untracked 
| 149|0x00000000ab100000, 0x00000000ab180800, 0x00000000ab200000| 50%| E|  |TAMS 0x00000000ab100000, 0x00000000ab100000| Complete 
| 150|0x00000000ab200000, 0x00000000ab300000, 0x00000000ab300000|100%| E|CS|TAMS 0x00000000ab200000, 0x00000000ab200000| Complete 
| 151|0x00000000ab300000, 0x00000000ab400000, 0x00000000ab400000|100%| E|CS|TAMS 0x00000000ab300000, 0x00000000ab300000| Complete 
| 152|0x00000000ab400000, 0x00000000ab500000, 0x00000000ab500000|100%| E|CS|TAMS 0x00000000ab400000, 0x00000000ab400000| Complete 
| 153|0x00000000ab500000, 0x00000000ab600000, 0x00000000ab600000|100%| E|CS|TAMS 0x00000000ab500000, 0x00000000ab500000| Complete 
| 154|0x00000000ab600000, 0x00000000ab700000, 0x00000000ab700000|100%| E|CS|TAMS 0x00000000ab600000, 0x00000000ab600000| Complete 
| 155|0x00000000ab700000, 0x00000000ab800000, 0x00000000ab800000|100%| E|CS|TAMS 0x00000000ab700000, 0x00000000ab700000| Complete 
| 156|0x00000000ab800000, 0x00000000ab900000, 0x00000000ab900000|100%| E|CS|TAMS 0x00000000ab800000, 0x00000000ab800000| Complete 
| 157|0x00000000ab900000, 0x00000000aba00000, 0x00000000aba00000|100%| E|CS|TAMS 0x00000000ab900000, 0x00000000ab900000| Complete 
| 158|0x00000000aba00000, 0x00000000abb00000, 0x00000000abb00000|100%| E|CS|TAMS 0x00000000aba00000, 0x00000000aba00000| Complete 
| 159|0x00000000abb00000, 0x00000000abc00000, 0x00000000abc00000|100%| E|CS|TAMS 0x00000000abb00000, 0x00000000abb00000| Complete 
| 160|0x00000000abc00000, 0x00000000abd00000, 0x00000000abd00000|100%| E|CS|TAMS 0x00000000abc00000, 0x00000000abc00000| Complete 
| 161|0x00000000abd00000, 0x00000000abe00000, 0x00000000abe00000|100%| E|CS|TAMS 0x00000000abd00000, 0x00000000abd00000| Complete 
| 162|0x00000000abe00000, 0x00000000abf00000, 0x00000000abf00000|100%| E|CS|TAMS 0x00000000abe00000, 0x00000000abe00000| Complete 
| 163|0x00000000abf00000, 0x00000000ac000000, 0x00000000ac000000|100%| E|CS|TAMS 0x00000000abf00000, 0x00000000abf00000| Complete 
| 164|0x00000000ac000000, 0x00000000ac100000, 0x00000000ac100000|100%| E|CS|TAMS 0x00000000ac000000, 0x00000000ac000000| Complete 
| 165|0x00000000ac100000, 0x00000000ac200000, 0x00000000ac200000|100%| E|CS|TAMS 0x00000000ac100000, 0x00000000ac100000| Complete 
| 166|0x00000000ac200000, 0x00000000ac300000, 0x00000000ac300000|100%| E|CS|TAMS 0x00000000ac200000, 0x00000000ac200000| Complete 
| 167|0x00000000ac300000, 0x00000000ac400000, 0x00000000ac400000|100%| E|CS|TAMS 0x00000000ac300000, 0x00000000ac300000| Complete 
| 168|0x00000000ac400000, 0x00000000ac500000, 0x00000000ac500000|100%| E|CS|TAMS 0x00000000ac400000, 0x00000000ac400000| Complete 
| 169|0x00000000ac500000, 0x00000000ac600000, 0x00000000ac600000|100%| E|CS|TAMS 0x00000000ac500000, 0x00000000ac500000| Complete 
| 170|0x00000000ac600000, 0x00000000ac700000, 0x00000000ac700000|100%| E|CS|TAMS 0x00000000ac600000, 0x00000000ac600000| Complete 
| 171|0x00000000ac700000, 0x00000000ac800000, 0x00000000ac800000|100%| E|CS|TAMS 0x00000000ac700000, 0x00000000ac700000| Complete 
| 172|0x00000000ac800000, 0x00000000ac900000, 0x00000000ac900000|100%| E|CS|TAMS 0x00000000ac800000, 0x00000000ac800000| Complete 
| 173|0x00000000ac900000, 0x00000000aca00000, 0x00000000aca00000|100%| E|CS|TAMS 0x00000000ac900000, 0x00000000ac900000| Complete 
| 174|0x00000000aca00000, 0x00000000acb00000, 0x00000000acb00000|100%| E|CS|TAMS 0x00000000aca00000, 0x00000000aca00000| Complete 
| 175|0x00000000acb00000, 0x00000000acc00000, 0x00000000acc00000|100%| E|CS|TAMS 0x00000000acb00000, 0x00000000acb00000| Complete 
| 176|0x00000000acc00000, 0x00000000acd00000, 0x00000000acd00000|100%| E|CS|TAMS 0x00000000acc00000, 0x00000000acc00000| Complete 
| 177|0x00000000acd00000, 0x00000000ace00000, 0x00000000ace00000|100%| E|CS|TAMS 0x00000000acd00000, 0x00000000acd00000| Complete 
| 178|0x00000000ace00000, 0x00000000acf00000, 0x00000000acf00000|100%| E|CS|TAMS 0x00000000ace00000, 0x00000000ace00000| Complete 
| 179|0x00000000acf00000, 0x00000000ad000000, 0x00000000ad000000|100%| E|CS|TAMS 0x00000000acf00000, 0x00000000acf00000| Complete 
| 180|0x00000000ad000000, 0x00000000ad100000, 0x00000000ad100000|100%| E|CS|TAMS 0x00000000ad000000, 0x00000000ad000000| Complete 
| 181|0x00000000ad100000, 0x00000000ad200000, 0x00000000ad200000|100%| E|CS|TAMS 0x00000000ad100000, 0x00000000ad100000| Complete 
| 182|0x00000000ad200000, 0x00000000ad300000, 0x00000000ad300000|100%| E|CS|TAMS 0x00000000ad200000, 0x00000000ad200000| Complete 
| 183|0x00000000ad300000, 0x00000000ad400000, 0x00000000ad400000|100%| E|CS|TAMS 0x00000000ad300000, 0x00000000ad300000| Complete 
| 184|0x00000000ad400000, 0x00000000ad500000, 0x00000000ad500000|100%| E|CS|TAMS 0x00000000ad400000, 0x00000000ad400000| Complete 
| 185|0x00000000ad500000, 0x00000000ad600000, 0x00000000ad600000|100%| E|CS|TAMS 0x00000000ad500000, 0x00000000ad500000| Complete 
| 186|0x00000000ad600000, 0x00000000ad700000, 0x00000000ad700000|100%| E|CS|TAMS 0x00000000ad600000, 0x00000000ad600000| Complete 

Card table byte_map: [0x000001db23390000,0x000001db23690000] _byte_map_base: 0x000001db22e82000

Marking Bits (Prev, Next): (CMBitMap*) 0x000001db100e39a0, (CMBitMap*) 0x000001db100e3968
 Prev Bits: [0x000001db25120000, 0x000001db268b0000)
 Next Bits: [0x000001db23990000, 0x000001db25120000)

Polling page: 0x000001db13a30000

Metaspace:

Usage:
  Non-class:     57.55 MB capacity,    57.02 MB (>99%) used,   425.73 KB ( <1%) free+waste,   112.50 KB ( <1%) overhead. 
      Class:      7.47 MB capacity,     7.16 MB ( 96%) used,   270.05 KB (  4%) free+waste,    48.00 KB ( <1%) overhead. 
       Both:     65.01 MB capacity,    64.18 MB ( 99%) used,   695.78 KB (  1%) free+waste,   160.50 KB ( <1%) overhead. 

Virtual space:
  Non-class space:       58.00 MB reserved,      57.70 MB (>99%) committed 
      Class space:        1.00 GB reserved,       7.50 MB ( <1%) committed 
             Both:        1.06 GB reserved,      65.20 MB (  6%) committed 

Chunk freelists:
   Non-Class:  31.00 KB
       Class:  2.00 KB
        Both:  33.00 KB

MaxMetaspaceSize: 17179869184.00 GB
CompressedClassSpaceSize: 1.00 GB

CodeHeap 'non-profiled nmethods': size=120064Kb used=5501Kb max_used=5501Kb free=114562Kb
 bounds [0x000001db1b510000, 0x000001db1ba70000, 0x000001db22a50000]
CodeHeap 'profiled nmethods': size=120000Kb used=30195Kb max_used=30195Kb free=89804Kb
 bounds [0x000001db13fe0000, 0x000001db15d60000, 0x000001db1b510000]
CodeHeap 'non-nmethods': size=5696Kb used=1217Kb max_used=1262Kb free=4478Kb
 bounds [0x000001db13a50000, 0x000001db13cc0000, 0x000001db13fe0000]
 total_blobs=10506 nmethods=9927 adapters=487
 compilation: enabled
              stopped_count=0, restarted_count=0
 full_count=0

Compilation events (20 events):
Event: 32.108 Thread 0x000001db28ef0000 nmethod 9983 0x000001db15d39490 code [0x000001db15d396a0, 0x000001db15d39ca8]
Event: 32.108 Thread 0x000001db28ef0000 9984       3       org.jetbrains.kotlin.com.intellij.psi.impl.compiled.StubBuildingVisitor$MethodAnnotationCollectingVisitor$$Lambda$331/0x00000001006e9c40::get$Lambda (9 bytes)
Event: 32.108 Thread 0x000001db28ef0000 nmethod 9984 0x000001db15d39f10 code [0x000001db15d3a0e0, 0x000001db15d3a338]
Event: 32.114 Thread 0x000001db28ef0000 9985       1       org.jetbrains.kotlin.com.intellij.util.containers.ContainerUtilRt$EmptyList::isEmpty (2 bytes)
Event: 32.114 Thread 0x000001db28ef0000 nmethod 9985 0x000001db1ba6f410 code [0x000001db1ba6f5c0, 0x000001db1ba6f678]
Event: 32.115 Thread 0x000001db28ef0000 9987       3       org.jetbrains.kotlin.com.intellij.psi.impl.cache.TypeInfo::<init> (46 bytes)
Event: 32.116 Thread 0x000001db28ef0000 nmethod 9987 0x000001db15d3a410 code [0x000001db15d3a5e0, 0x000001db15d3a938]
Event: 32.116 Thread 0x000001db28ef0000 9988       3       org.jetbrains.kotlin.com.intellij.psi.impl.cache.TypeInfo::fromString (79 bytes)
Event: 32.116 Thread 0x000001db28ef0000 nmethod 9988 0x000001db15d3aa90 code [0x000001db15d3ace0, 0x000001db15d3b3d8]
Event: 32.120 Thread 0x000001db28ef0000 9989       3       org.jetbrains.kotlin.com.intellij.psi.impl.compiled.StubBuildingVisitor$MethodAnnotationCollectingVisitor::visitAnnotableParameterCount (21 bytes)
Event: 32.120 Thread 0x000001db28ef0000 nmethod 9989 0x000001db15d3b710 code [0x000001db15d3b8c0, 0x000001db15d3ba38]
Event: 32.124 Thread 0x000001db28ef0000 9990 %     3       org.jetbrains.org.objectweb.asm.ClassReader::readCode @ 2165 (5089 bytes)
Event: 32.172 Thread 0x000001db28ef0000 nmethod 9990% 0x000001db15d3bb10 code [0x000001db15d3d0e0, 0x000001db15d51228]
Event: 32.172 Thread 0x000001db28ef0000 9992       3       org.jetbrains.kotlin.com.intellij.psi.impl.compiled.StubBuildingVisitor$MethodAnnotationCollectingVisitor::visitLocalVariable (96 bytes)
Event: 32.173 Thread 0x000001db28ef0000 nmethod 9992 0x000001db15d5ac90 code [0x000001db15d5aec0, 0x000001db15d5b518]
Event: 32.173 Thread 0x000001db28ef0000 9991       3       org.jetbrains.kotlin.com.intellij.psi.impl.java.stubs.impl.PsiParameterStubImpl::getModList (46 bytes)
Event: 32.173 Thread 0x000001db28ef0000 nmethod 9991 0x000001db15d5b810 code [0x000001db15d5ba40, 0x000001db15d5c388]
Event: 32.176 Thread 0x000001db28ef0000 9994       3       org.jetbrains.kotlin.com.intellij.psi.impl.compiled.StubBuildingVisitor::newReferenceList (28 bytes)
Event: 32.177 Thread 0x000001db28ef0000 nmethod 9994 0x000001db15d5c590 code [0x000001db15d5c7a0, 0x000001db15d5cbf8]
Event: 32.198 Thread 0x000001db28ef0000 9995       3       org.jetbrains.org.objectweb.asm.ClassReader::readCode (5089 bytes)

GC Heap History (18 events):
Event: 0.631 GC heap before
{Heap before GC invocations=0 (full 0):
 garbage-first heap   total 98304K, used 17408K [0x00000000a1c00000, 0x0000000100000000)
  region size 1024K, 14 young (14336K), 0 survivors (0K)
 Metaspace       used 9775K, capacity 9871K, committed 10112K, reserved 1058816K
  class space    used 829K, capacity 884K, committed 896K, reserved 1048576K
}
Event: 0.636 GC heap after
{Heap after GC invocations=1 (full 0):
 garbage-first heap   total 98304K, used 5156K [0x00000000a1c00000, 0x0000000100000000)
  region size 1024K, 2 young (2048K), 2 survivors (2048K)
 Metaspace       used 9775K, capacity 9871K, committed 10112K, reserved 1058816K
  class space    used 829K, capacity 884K, committed 896K, reserved 1048576K
}
Event: 2.134 GC heap before
{Heap before GC invocations=1 (full 0):
 garbage-first heap   total 98304K, used 51236K [0x00000000a1c00000, 0x0000000100000000)
  region size 1024K, 48 young (49152K), 2 survivors (2048K)
 Metaspace       used 20981K, capacity 21194K, committed 21248K, reserved 1069056K
  class space    used 2213K, capacity 2297K, committed 2304K, reserved 1048576K
}
Event: 2.157 GC heap after
{Heap after GC invocations=2 (full 0):
 garbage-first heap   total 98304K, used 9481K [0x00000000a1c00000, 0x0000000100000000)
  region size 1024K, 7 young (7168K), 7 survivors (7168K)
 Metaspace       used 20981K, capacity 21194K, committed 21248K, reserved 1069056K
  class space    used 2213K, capacity 2297K, committed 2304K, reserved 1048576K
}
Event: 4.725 GC heap before
{Heap before GC invocations=3 (full 0):
 garbage-first heap   total 98304K, used 69897K [0x00000000a1c00000, 0x0000000100000000)
  region size 1024K, 54 young (55296K), 7 survivors (7168K)
 Metaspace       used 30480K, capacity 30894K, committed 31100K, reserved 1077248K
  class space    used 3569K, capacity 3710K, committed 3712K, reserved 1048576K
}
Event: 4.793 GC heap after
{Heap after GC invocations=4 (full 0):
 garbage-first heap   total 98304K, used 24099K [0x00000000a1c00000, 0x0000000100000000)
  region size 1024K, 7 young (7168K), 7 survivors (7168K)
 Metaspace       used 30480K, capacity 30894K, committed 31100K, reserved 1077248K
  class space    used 3569K, capacity 3710K, committed 3712K, reserved 1048576K
}
Event: 5.533 GC heap before
{Heap before GC invocations=4 (full 0):
 garbage-first heap   total 98304K, used 46627K [0x00000000a1c00000, 0x0000000100000000)
  region size 1024K, 30 young (30720K), 7 survivors (7168K)
 Metaspace       used 35397K, capacity 35853K, committed 36048K, reserved 1081344K
  class space    used 4115K, capacity 4294K, committed 4352K, reserved 1048576K
}
Event: 5.568 GC heap after
{Heap after GC invocations=5 (full 0):
 garbage-first heap   total 98304K, used 24446K [0x00000000a1c00000, 0x0000000100000000)
  region size 1024K, 3 young (3072K), 3 survivors (3072K)
 Metaspace       used 35397K, capacity 35853K, committed 36048K, reserved 1081344K
  class space    used 4115K, capacity 4294K, committed 4352K, reserved 1048576K
}
Event: 8.671 GC heap before
{Heap before GC invocations=6 (full 0):
 garbage-first heap   total 98304K, used 71550K [0x00000000a1c00000, 0x0000000100000000)
  region size 1024K, 47 young (48128K), 3 survivors (3072K)
 Metaspace       used 45209K, capacity 45757K, committed 46032K, reserved 1089536K
  class space    used 5322K, capacity 5521K, committed 5632K, reserved 1048576K
}
Event: 8.692 GC heap after
{Heap after GC invocations=7 (full 0):
 garbage-first heap   total 129024K, used 30078K [0x00000000a1c00000, 0x0000000100000000)
  region size 1024K, 6 young (6144K), 6 survivors (6144K)
 Metaspace       used 45209K, capacity 45757K, committed 46032K, reserved 1089536K
  class space    used 5322K, capacity 5521K, committed 5632K, reserved 1048576K
}
Event: 13.152 GC heap before
{Heap before GC invocations=7 (full 0):
 garbage-first heap   total 129024K, used 95614K [0x00000000a1c00000, 0x0000000100000000)
  region size 1024K, 69 young (70656K), 6 survivors (6144K)
 Metaspace       used 52569K, capacity 53223K, committed 53456K, reserved 1095680K
  class space    used 6088K, capacity 6334K, committed 6400K, reserved 1048576K
}
Event: 13.429 GC heap after
{Heap after GC invocations=8 (full 0):
 garbage-first heap   total 129024K, used 36114K [0x00000000a1c00000, 0x0000000100000000)
  region size 1024K, 9 young (9216K), 9 survivors (9216K)
 Metaspace       used 52569K, capacity 53223K, committed 53456K, reserved 1095680K
  class space    used 6088K, capacity 6334K, committed 6400K, reserved 1048576K
}
Event: 20.631 GC heap before
{Heap before GC invocations=8 (full 0):
 garbage-first heap   total 129024K, used 92434K [0x00000000a1c00000, 0x0000000100000000)
  region size 1024K, 64 young (65536K), 9 survivors (9216K)
 Metaspace       used 56396K, capacity 57044K, committed 57168K, reserved 1099776K
  class space    used 6476K, capacity 6750K, committed 6784K, reserved 1048576K
}
Event: 20.671 GC heap after
{Heap after GC invocations=9 (full 0):
 garbage-first heap   total 129024K, used 45678K [0x00000000a1c00000, 0x0000000100000000)
  region size 1024K, 8 young (8192K), 8 survivors (8192K)
 Metaspace       used 56396K, capacity 57044K, committed 57168K, reserved 1099776K
  class space    used 6476K, capacity 6750K, committed 6784K, reserved 1048576K
}
Event: 23.551 GC heap before
{Heap before GC invocations=9 (full 0):
 garbage-first heap   total 129024K, used 94830K [0x00000000a1c00000, 0x0000000100000000)
  region size 1024K, 57 young (58368K), 8 survivors (8192K)
 Metaspace       used 59625K, capacity 60386K, committed 60496K, reserved 1101824K
  class space    used 6880K, capacity 7203K, committed 7296K, reserved 1048576K
}
Event: 23.619 GC heap after
{Heap after GC invocations=10 (full 0):
 garbage-first heap   total 129024K, used 54784K [0x00000000a1c00000, 0x0000000100000000)
  region size 1024K, 8 young (8192K), 8 survivors (8192K)
 Metaspace       used 59625K, capacity 60386K, committed 60496K, reserved 1101824K
  class space    used 6880K, capacity 7203K, committed 7296K, reserved 1048576K
}
Event: 28.363 GC heap before
{Heap before GC invocations=11 (full 0):
 garbage-first heap   total 129024K, used 98816K [0x00000000a1c00000, 0x0000000100000000)
  region size 1024K, 51 young (52224K), 8 survivors (8192K)
 Metaspace       used 64436K, capacity 65279K, committed 65488K, reserved 1107968K
  class space    used 7276K, capacity 7608K, committed 7680K, reserved 1048576K
}
Event: 28.404 GC heap after
{Heap after GC invocations=12 (full 0):
 garbage-first heap   total 191488K, used 61952K [0x00000000a1c00000, 0x0000000100000000)
  region size 1024K, 7 young (7168K), 7 survivors (7168K)
 Metaspace       used 64436K, capacity 65279K, committed 65488K, reserved 1107968K
  class space    used 7276K, capacity 7608K, committed 7680K, reserved 1048576K
}

Deoptimization events (20 events):
Event: 31.916 Thread 0x000001db100a8800 DEOPT PACKING pc=0x000001db1b9b0da4 sp=0x0000000b127fbd10
Event: 31.916 Thread 0x000001db100a8800 DEOPT UNPACKING pc=0x000001db13a774af sp=0x0000000b127fbca0 mode 2
Event: 31.918 Thread 0x000001db100a8800 Uncommon trap: trap_request=0xffffff4d fr.pc=0x000001db1ba0d76c relative=0x000000000000018c
Event: 31.918 Thread 0x000001db100a8800 Uncommon trap: reason=unstable_if action=reinterpret pc=0x000001db1ba0d76c method=org.jetbrains.kotlin.psi.KtPsiUtil.deparenthesizeOnce(Lorg/jetbrains/kotlin/psi/KtExpression;Z)Lorg/jetbrains/kotlin/psi/KtExpression; @ 55 c2
Event: 31.918 Thread 0x000001db100a8800 DEOPT PACKING pc=0x000001db1ba0d76c sp=0x0000000b127fae20
Event: 31.918 Thread 0x000001db100a8800 DEOPT UNPACKING pc=0x000001db13a774af sp=0x0000000b127face8 mode 2
Event: 31.947 Thread 0x000001db100a8800 Uncommon trap: trap_request=0xffffff4d fr.pc=0x000001db1ba3dcc4 relative=0x00000000000005e4
Event: 31.947 Thread 0x000001db100a8800 Uncommon trap: reason=unstable_if action=reinterpret pc=0x000001db1ba3dcc4 method=org.jetbrains.kotlin.builtins.functions.BuiltInFictitiousFunctionClassFactory.shouldCreateClass(Lorg/jetbrains/kotlin/name/FqName;Lorg/jetbrains/kotlin/name/Name;)Z @ 61 c2
Event: 31.947 Thread 0x000001db100a8800 DEOPT PACKING pc=0x000001db1ba3dcc4 sp=0x0000000b127f9600
Event: 31.947 Thread 0x000001db100a8800 DEOPT UNPACKING pc=0x000001db13a774af sp=0x0000000b127f9588 mode 2
Event: 31.951 Thread 0x000001db100a8800 Uncommon trap: trap_request=0xffffff4d fr.pc=0x000001db1ba15560 relative=0x00000000000015e0
Event: 31.952 Thread 0x000001db100a8800 Uncommon trap: reason=unstable_if action=reinterpret pc=0x000001db1ba15560 method=org.jetbrains.kotlin.builtins.FunctionTypesKt.isSuspendFunctionType(Lorg/jetbrains/kotlin/types/KotlinType;)Z @ 34 c2
Event: 31.952 Thread 0x000001db100a8800 DEOPT PACKING pc=0x000001db1ba15560 sp=0x0000000b127faad0
Event: 31.952 Thread 0x000001db100a8800 DEOPT UNPACKING pc=0x000001db13a774af sp=0x0000000b127faad0 mode 2
Event: 32.161 Thread 0x000001db100a8800 DEOPT PACKING pc=0x000001db147f431d sp=0x0000000b127f7270
Event: 32.161 Thread 0x000001db100a8800 DEOPT UNPACKING pc=0x000001db13a772ce sp=0x0000000b127f6740 mode 0
Event: 32.202 Thread 0x000001db100a8800 DEOPT PACKING pc=0x000001db15128f2b sp=0x0000000b127f7220
Event: 32.202 Thread 0x000001db100a8800 DEOPT UNPACKING pc=0x000001db13a772ce sp=0x0000000b127f6890 mode 0
Event: 32.210 Thread 0x000001db100a8800 DEOPT PACKING pc=0x000001db15128cff sp=0x0000000b127f7220
Event: 32.210 Thread 0x000001db100a8800 DEOPT UNPACKING pc=0x000001db13a772ce sp=0x0000000b127f6890 mode 0

Classes redefined (0 events):
No events

Internal exceptions (20 events):
Event: 14.322 Thread 0x000001db100a8800 Exception <a 'java/lang/NoSuchMethodError'{0x00000000a917f5b0}: 'java.lang.Object java.lang.invoke.DirectMethodHandle$Holder.invokeSpecial(java.lang.Object, java.lang.Object, java.lang.Object, java.lang.Object, java.lang.Object, java.lang.Object, java.lang.Object, java.lang.Object, java.lang.Object)'> (0x00000000a917f5b0) thrown at [./src/hotspot/share/interpreter/linkResolver.cpp, line 773]
Event: 14.327 Thread 0x000001db100a8800 Exception <a 'java/lang/NoSuchMethodError'{0x00000000a9183a08}: 'java.lang.Object java.lang.invoke.Invokers$Holder.linkToTargetMethod(java.lang.Object, java.lang.Object, java.lang.Object, java.lang.Object, java.lang.Object, java.lang.Object, java.lang.Object, java.lang.Object)'> (0x00000000a9183a08) thrown at [./src/hotspot/share/interpreter/linkResolver.cpp, line 773]
Event: 14.626 Thread 0x000001db100a8800 Exception <a 'java/lang/NoSuchMethodError'{0x00000000a8e1bb88}: 'java.lang.Object java.lang.invoke.DirectMethodHandle$Holder.invokeSpecial(java.lang.Object, java.lang.Object, java.lang.Object, java.lang.Object, java.lang.Object, int)'> (0x00000000a8e1bb88) thrown at [./src/hotspot/share/interpreter/linkResolver.cpp, line 773]
Event: 14.626 Thread 0x000001db100a8800 Exception <a 'java/lang/NoSuchMethodError'{0x00000000a8e1f728}: 'java.lang.Object java.lang.invoke.Invokers$Holder.linkToTargetMethod(java.lang.Object, java.lang.Object, java.lang.Object, int, java.lang.Object)'> (0x00000000a8e1f728) thrown at [./src/hotspot/share/interpreter/linkResolver.cpp, line 773]
Event: 18.694 Thread 0x000001db100a8800 Exception <a 'java/lang/NoSuchMethodError'{0x00000000a7b5f1b0}: 'java.lang.Object java.lang.invoke.Invokers$Holder.linkToTargetMethod(java.lang.Object, java.lang.Object, java.lang.Object, java.lang.Object, java.lang.Object, java.lang.Object)'> (0x00000000a7b5f1b0) thrown at [./src/hotspot/share/interpreter/linkResolver.cpp, line 773]
Event: 19.462 Thread 0x000001db100a8800 Exception <a 'java/lang/NoSuchMethodError'{0x00000000a73b15a0}: 'java.lang.Object java.lang.invoke.DirectMethodHandle$Holder.invokeStaticInit(java.lang.Object, java.lang.Object, java.lang.Object)'> (0x00000000a73b15a0) thrown at [./src/hotspot/share/interpreter/linkResolver.cpp, line 773]
Event: 21.569 Thread 0x000001db100a8800 Exception <a 'java/lang/NoSuchMethodError'{0x00000000a8b5b018}: 'java.lang.Object java.lang.invoke.DirectMethodHandle$Holder.invokeStatic(java.lang.Object, int, java.lang.Object, java.lang.Object)'> (0x00000000a8b5b018) thrown at [./src/hotspot/share/interpreter/linkResolver.cpp, line 773]
Event: 21.570 Thread 0x000001db100a8800 Exception <a 'java/lang/NoSuchMethodError'{0x00000000a8b654d0}: 'int java.lang.invoke.DirectMethodHandle$Holder.invokeInterface(java.lang.Object, java.lang.Object)'> (0x00000000a8b654d0) thrown at [./src/hotspot/share/interpreter/linkResolver.cpp, line 773]
Event: 22.387 Thread 0x000001db100a8800 Implicit null exception at 0x000001db1b56b6de to 0x000001db1b56be4a
Event: 22.387 Thread 0x000001db100a8800 Implicit null exception at 0x000001db1b5aceaf to 0x000001db1b5acf1d
Event: 22.484 Thread 0x000001db100a8800 Exception <a 'java/lang/NoSuchMethodError'{0x00000000a76e19d8}: 'java.lang.Object java.lang.invoke.Invokers$Holder.linkToTargetMethod(java.lang.Object, java.lang.Object, java.lang.Object, int, int, java.lang.Object)'> (0x00000000a76e19d8) thrown at [./src/hotspot/share/interpreter/linkResolver.cpp, line 773]
Event: 23.125 Thread 0x000001db100a8800 Exception <a 'java/lang/NoSuchMethodError'{0x00000000a6cab3d0}: 'int java.lang.invoke.DirectMethodHandle$Holder.invokeVirtual(java.lang.Object, java.lang.Object, java.lang.Object)'> (0x00000000a6cab3d0) thrown at [./src/hotspot/share/interpreter/linkResolver.cpp, line 773]
Event: 23.386 Thread 0x000001db100a8800 Exception <a 'java/lang/NoSuchMethodError'{0x00000000a6a7e378}: 'int java.lang.invoke.DirectMethodHandle$Holder.invokeStaticInit(java.lang.Object, int)'> (0x00000000a6a7e378) thrown at [./src/hotspot/share/interpreter/linkResolver.cpp, line 773]
Event: 23.751 Thread 0x000001db100a8800 Exception <a 'java/lang/IncompatibleClassChangeError'{0x00000000a983f930}: Found class java.lang.Object, but interface was expected> (0x00000000a983f930) thrown at [./src/hotspot/share/interpreter/linkResolver.cpp, line 839]
Event: 23.936 Thread 0x000001db100a8800 Exception <a 'java/lang/NoSuchMethodError'{0x00000000a967b2e8}: 'java.lang.Object java.lang.invoke.DirectMethodHandle$Holder.invokeInterface(java.lang.Object, java.lang.Object, java.lang.Object)'> (0x00000000a967b2e8) thrown at [./src/hotspot/share/interpreter/linkResolver.cpp, line 773]
Event: 23.936 Thread 0x000001db100a8800 Exception <a 'java/lang/IncompatibleClassChangeError'{0x00000000a967ed10}: Found class java.lang.Object, but interface was expected> (0x00000000a967ed10) thrown at [./src/hotspot/share/interpreter/linkResolver.cpp, line 839]
Event: 24.006 Thread 0x000001db100a8800 Exception <a 'java/lang/NoSuchMethodError'{0x00000000a95bdc10}: 'java.lang.Object java.lang.invoke.Invokers$Holder.linkToTargetMethod(java.lang.Object, java.lang.Object, java.lang.Object, java.lang.Object, java.lang.Object, java.lang.Object, java.lang.Object)'> (0x00000000a95bdc10) thrown at [./src/hotspot/share/interpreter/linkResolver.cpp, line 773]
Event: 24.746 Thread 0x000001db100a8800 Implicit null exception at 0x000001db1b5680f5 to 0x000001db1b5682bc
Event: 25.151 Thread 0x000001db100a8800 Implicit null exception at 0x000001db1b71d37c to 0x000001db1b71de1c
Event: 25.174 Thread 0x000001db100a8800 Implicit null exception at 0x000001db1b94bcf4 to 0x000001db1b94c2cc

Events (20 events):
Event: 31.172 loading class org/jetbrains/kotlin/builtins/FunctionTypesKt$isTypeOrSubtypeOf$1
Event: 31.172 loading class org/jetbrains/kotlin/builtins/FunctionTypesKt$isTypeOrSubtypeOf$1 done
Event: 31.172 loading class org/jetbrains/kotlin/builtins/FunctionTypesKt$isTypeOrSubtypeOf$2
Event: 31.172 loading class org/jetbrains/kotlin/builtins/FunctionTypesKt$isTypeOrSubtypeOf$2 done
Event: 31.173 loading class org/jetbrains/kotlin/resolve/calls/components/UnitTypeConversions$conversionIsNeededAfterSubtypingCheck$hasReturnTypeInSubtypes$1
Event: 31.173 loading class org/jetbrains/kotlin/resolve/calls/components/UnitTypeConversions$conversionIsNeededAfterSubtypingCheck$hasReturnTypeInSubtypes$1 done
Event: 31.177 loading class org/jetbrains/kotlin/builtins/FunctionTypesKt$isFunctionTypeOrSubtype$2
Event: 31.177 loading class org/jetbrains/kotlin/builtins/FunctionTypesKt$isFunctionTypeOrSubtype$2 done
Event: 31.360 loading class org/jetbrains/kotlin/com/intellij/psi/impl/java/stubs/impl/PsiTypeParameterStubImpl
Event: 31.360 loading class org/jetbrains/kotlin/com/intellij/psi/impl/java/stubs/impl/PsiTypeParameterStubImpl done
Event: 31.376 Executing VM operation: ICBufferFull
Event: 31.376 Executing VM operation: ICBufferFull done
Event: 31.948 Executing VM operation: ICBufferFull
Event: 31.949 Executing VM operation: ICBufferFull done
Event: 31.970 loading class org/jetbrains/kotlin/resolve/checkers/ExperimentalUsageChecker$Experimentality$Companion
Event: 31.970 loading class org/jetbrains/kotlin/resolve/checkers/ExperimentalUsageChecker$Experimentality$Companion done
Event: 31.971 loading class org/jetbrains/kotlin/resolve/checkers/ExperimentalUsageChecker$Experimentality$Severity
Event: 31.971 loading class org/jetbrains/kotlin/resolve/checkers/ExperimentalUsageChecker$Experimentality$Severity done
Event: 31.982 loading class org/jetbrains/kotlin/resolve/calls/inference/model/TypeVariableForLambdaReturnType
Event: 31.982 loading class org/jetbrains/kotlin/resolve/calls/inference/model/TypeVariableForLambdaReturnType done


Dynamic libraries:
0x00007ff7e0450000 - 0x00007ff7e045a000 	C:\dev\idma\android\jre\bin\java.exe
0x00007ff800ed0000 - 0x00007ff8010c5000 	C:\Windows\SYSTEM32\ntdll.dll
0x00007ff800dd0000 - 0x00007ff800e8d000 	C:\Windows\System32\KERNEL32.DLL
0x00007ffffe7b0000 - 0x00007ffffea78000 	C:\Windows\System32\KERNELBASE.dll
0x00007ffffeb40000 - 0x00007ffffec40000 	C:\Windows\System32\ucrtbase.dll
0x00007ffff2720000 - 0x00007ffff2737000 	C:\dev\idma\android\jre\bin\VCRUNTIME140.dll
0x00007ffff0d80000 - 0x00007ffff0d99000 	C:\dev\idma\android\jre\bin\jli.dll
0x00007ff8000a0000 - 0x00007ff800240000 	C:\Windows\System32\USER32.dll
0x00007ffffeda0000 - 0x00007ffffedc2000 	C:\Windows\System32\win32u.dll
0x00007fffff820000 - 0x00007fffff84a000 	C:\Windows\System32\GDI32.dll
0x00007ffffe6a0000 - 0x00007ffffe7ab000 	C:\Windows\System32\gdi32full.dll
0x00007ffff55b0000 - 0x00007ffff584a000 	C:\Windows\WinSxS\amd64_microsoft.windows.common-controls_6595b64144ccf1df_6.0.19041.1052_none_60b8f8fd71f5e8cb\COMCTL32.dll
0x00007ffffe600000 - 0x00007ffffe69d000 	C:\Windows\System32\msvcp_win.dll
0x00007ff800370000 - 0x00007ff80040e000 	C:\Windows\System32\msvcrt.dll
0x00007ff800070000 - 0x00007ff8000a0000 	C:\Windows\System32\IMM32.DLL
0x00007fffe9900000 - 0x00007fffe999d000 	C:\dev\idma\android\jre\bin\msvcp140.dll
0x00007fffbb9b0000 - 0x00007fffbc46c000 	C:\dev\idma\android\jre\bin\server\jvm.dll
0x00007ff800410000 - 0x00007ff8004bc000 	C:\Windows\System32\ADVAPI32.dll
0x00007fffffe20000 - 0x00007fffffebb000 	C:\Windows\System32\sechost.dll
0x00007ff800240000 - 0x00007ff80036b000 	C:\Windows\System32\RPCRT4.dll
0x00007fffff810000 - 0x00007fffff818000 	C:\Windows\System32\PSAPI.DLL
0x00007ffffb7c0000 - 0x00007ffffb7c9000 	C:\Windows\SYSTEM32\WSOCK32.dll
0x00007ff800d00000 - 0x00007ff800d6b000 	C:\Windows\System32\WS2_32.dll
0x00007ffff6830000 - 0x00007ffff683a000 	C:\Windows\SYSTEM32\VERSION.dll
0x00007ffff6420000 - 0x00007ffff6447000 	C:\Windows\SYSTEM32\WINMM.dll
0x00007ffffcf20000 - 0x00007ffffcf32000 	C:\Windows\SYSTEM32\kernel.appcore.dll
0x00007ffffb7a0000 - 0x00007ffffb7b1000 	C:\dev\idma\android\jre\bin\verify.dll
0x00007ffffcbf0000 - 0x00007ffffcdd4000 	C:\Windows\SYSTEM32\DBGHELP.DLL
0x00007fffec080000 - 0x00007fffec0ac000 	C:\Windows\SYSTEM32\dbgcore.DLL
0x00007ffffeab0000 - 0x00007ffffeb33000 	C:\Windows\System32\bcryptPrimitives.dll
0x00007ffffb770000 - 0x00007ffffb799000 	C:\dev\idma\android\jre\bin\java.dll
0x00007ffffb760000 - 0x00007ffffb76b000 	C:\dev\idma\android\jre\bin\jimage.dll
0x00007ffffb740000 - 0x00007ffffb758000 	C:\dev\idma\android\jre\bin\zip.dll
0x00007ff8004c0000 - 0x00007ff800bff000 	C:\Windows\System32\SHELL32.dll
0x00007ffffc390000 - 0x00007ffffcb20000 	C:\Windows\SYSTEM32\windows.storage.dll
0x00007fffff3a0000 - 0x00007fffff6f5000 	C:\Windows\System32\combase.dll
0x00007ffffe070000 - 0x00007ffffe09c000 	C:\Windows\SYSTEM32\Wldp.dll
0x00007fffff760000 - 0x00007fffff80e000 	C:\Windows\System32\SHCORE.dll
0x00007fffff700000 - 0x00007fffff755000 	C:\Windows\System32\shlwapi.dll
0x00007ffffe540000 - 0x00007ffffe55f000 	C:\Windows\SYSTEM32\profapi.dll
0x00007ffffb720000 - 0x00007ffffb73a000 	C:\dev\idma\android\jre\bin\net.dll
0x00007ffff3980000 - 0x00007ffff3a8b000 	C:\Windows\SYSTEM32\WINHTTP.dll
0x00007ffffdde0000 - 0x00007ffffde4a000 	C:\Windows\system32\mswsock.dll
0x00007ffffb700000 - 0x00007ffffb714000 	C:\dev\idma\android\jre\bin\nio.dll

dbghelp: loaded successfully - version: 4.0.5 - missing functions: none
symbol engine: initialized successfully - sym options: 0x614 - pdb path: .;C:\dev\idma\android\jre\bin;C:\Windows\SYSTEM32;C:\Windows\WinSxS\amd64_microsoft.windows.common-controls_6595b64144ccf1df_6.0.19041.1052_none_60b8f8fd71f5e8cb;C:\dev\idma\android\jre\bin\server

VM Arguments:
java_command: org.jetbrains.kotlin.cli.jvm.K2JVMCompiler @C:\Users\admin\AndroidStudioProjects\NewsApp\app\build\20210623_17210045561892701855.compiler.options
java_class_path (initial): C:\Users\admin\.gradle\caches\modules-2\files-2.1\org.jetbrains.kotlin\kotlin-compiler-embeddable\1.5.10\9c35134a025cab7a1e6eee0d87d241c2f30c1218\kotlin-compiler-embeddable-1.5.10.jar;C:\Users\admin\.gradle\caches\modules-2\files-2.1\org.jetbrains.kotlin\kotlin-reflect\1.5.10\d6c70f3c0df2457ea0095c61c1fc1188017dc3bc\kotlin-reflect-1.5.10.jar;C:\Users\admin\.gradle\caches\modules-2\files-2.1\org.jetbrains.kotlin\kotlin-stdlib\1.5.10\da6a904b132f0402fa4d79169a3c1770598d4702\kotlin-stdlib-1.5.10.jar;C:\Users\admin\.gradle\caches\modules-2\files-2.1\org.jetbrains.kotlin\kotlin-script-runtime\1.5.10\69bad0ece91b0797055aeadbd44dc742c458398b\kotlin-script-runtime-1.5.10.jar;C:\Users\admin\.gradle\caches\modules-2\files-2.1\org.jetbrains.kotlin\kotlin-daemon-embeddable\1.5.10\d06ad33b62b041dae0609f830c3b48135d53b8bc\kotlin-daemon-embeddable-1.5.10.jar;C:\Users\admin\.gradle\caches\modules-2\files-2.1\org.jetbrains.intellij.deps\trove4j\1.0.20181211\216c2e14b070f334479d800987affe4054cd563f\trove4j-1.0.20181211.jar;C:\Users\admin\.gradle\caches\modules-2\files-2.1\org.jetbrains\annotations\13.0\919f0dfe192fb4e063e7dacadee7f8bb9a2672a9\annotations-13.0.jar;C:\Users\admin\.gradle\caches\modules-2\files-2.1\org.jetbrains.kotlin\kotlin-stdlib-common\1.5.10\6b84d926e28493be69daf673e40076f89492ef7\kotlin-stdlib-common-1.5.10.jar
Launcher Type: SUN_STANDARD

[Global flags]
     intx CICompilerCount                          = 3                                         {product} {ergonomic}
     uint ConcGCThreads                            = 1                                         {product} {ergonomic}
     uint G1ConcRefinementThreads                  = 4                                         {product} {ergonomic}
   size_t G1HeapRegionSize                         = 1048576                                   {product} {ergonomic}
    uintx GCDrainStackTargetSize                   = 64                                        {product} {ergonomic}
   size_t InitialHeapSize                          = 100663296                                 {product} {ergonomic}
   size_t MarkStackSize                            = 4194304                                   {product} {ergonomic}
   size_t MaxHeapSize                              = 1581252608                                {product} {ergonomic}
   size_t MaxNewSize                               = 947912704                                 {product} {ergonomic}
   size_t MinHeapDeltaBytes                        = 1048576                                   {product} {ergonomic}
    uintx NonNMethodCodeHeapSize                   = 5830732                                {pd product} {ergonomic}
    uintx NonProfiledCodeHeapSize                  = 122913754                              {pd product} {ergonomic}
    uintx ProfiledCodeHeapSize                     = 122913754                              {pd product} {ergonomic}
    uintx ReservedCodeCacheSize                    = 251658240                              {pd product} {ergonomic}
     bool SegmentedCodeCache                       = true                                      {product} {ergonomic}
     bool UseCompressedClassPointers               = true                                 {lp64_product} {ergonomic}
     bool UseCompressedOops                        = true                                 {lp64_product} {ergonomic}
     bool UseG1GC                                  = true                                      {product} {ergonomic}
     bool UseLargePagesIndividualAllocation        = false                                  {pd product} {ergonomic}

Logging:
Log output configuration:
 #0: stdout all=warning uptime,level,tags
 #1: stderr all=off uptime,level,tags

Environment Variables:
PATH=C:\Program Files\Common Files\Oracle\Java\javapath;C:\Program Files (x86)\NVIDIA Corporation\PhysX\Common;C:\Program Files (x86)\Intel\iCLS Client\;C:\Program Files\Intel\iCLS Client\;C:\Windows\system32;C:\Windows;C:\Windows\System32\Wbem;C:\Windows\System32\WindowsPowerShell\v1.0\;C:\Windows\System32\OpenSSH\;C:\Program Files\Intel\Intel(R) Management Engine Components\DAL;C:\Program Files\Intel\Intel(R) Management Engine Components\IPT;C:\Program Files (x86)\Intel\Intel(R) Management Engine Components\DAL;C:\Program Files (x86)\Intel\Intel(R) Management Engine Components\IPT;C:\Program Files (x86)\Intel\OpenCL SDK\3.0\bin\x86;C:\Program Files (x86)\Intel\OpenCL SDK\3.0\bin\x64;C:\Program Files\Git\cmd;C:\Users\admin\AppData\Local\Microsoft\WindowsApps
USERNAME=admin
OS=Windows_NT
PROCESSOR_IDENTIFIER=Intel64 Family 6 Model 69 Stepping 1, GenuineIntel



---------------  S Y S T E M  ---------------

OS: Windows 10 , 64 bit Build 19041 (10.0.19041.1023)
OS uptime: 0 days 13:34 hours

CPU:total 4 (initial active 4) (2 cores per cpu, 2 threads per core) family 6 model 69 stepping 1, cmov, cx8, fxsr, mmx, sse, sse2, sse3, ssse3, sse4.1, sse4.2, popcnt, avx, avx2, aes, clmul, erms, lzcnt, ht, tsc, tscinvbit, bmi1, bmi2, fma

Memory: 4k page, system-wide physical 6027M (234M free)
TotalPageFile size 11027M (AvailPageFile size 0M)
current process WorkingSet (physical memory assigned to process): 335M, peak: 342M
current process commit charge ("private bytes"): 402M, peak: 402M

vm_info: OpenJDK 64-Bit Server VM (11.0.8+10-b944.6842174) for windows-amd64 JRE (11.0.8+10-b944.6842174), built on Sep 19 2020 01:11:42 by "builder" with MS VC++ 14.0 (VS2015)

END.
