#
# There is insufficient memory for the Java Runtime Environment to continue.
# Native memory allocation (malloc) failed to allocate 1896976 bytes for Chunk::new
# Possible reasons:
#   The system is out of physical RAM or swap space
#   The process is running with CompressedOops enabled, and the Java Heap may be blocking the growth of the native heap
# Possible solutions:
#   Reduce memory load on the system
#   Increase physical memory or swap space
#   Check if swap backing store is full
#   Decrease Java heap size (-Xmx/-Xms)
#   Decrease number of Java threads
#   Decrease Java thread stack sizes (-Xss)
#   Set larger code cache with -XX:ReservedCodeCacheSize=
#   JVM is running with Unscaled Compressed Oops mode in which the Java heap is
#     placed in the first 4GB address space. The Java Heap base address is the
#     maximum limit for the native heap growth. Please use -XX:HeapBaseMinAddress
#     to set the Java Heap base and to place the Java Heap above 4GB virtual address.
# This output file may be truncated or incomplete.
#
#  Out of Memory Error (./src/hotspot/share/memory/arena.cpp:197), pid=6356, tid=5904
#
# JRE version: OpenJDK Runtime Environment (11.0.8+10) (build 11.0.8+10-b944.6842174)
# Java VM: OpenJDK 64-Bit Server VM (11.0.8+10-b944.6842174, mixed mode, tiered, compressed oops, g1 gc, windows-amd64)
# No core dump will be written. Minidumps are not enabled by default on client versions of Windows
#

---------------  S U M M A R Y ------------

Command Line: org.jetbrains.kotlin.cli.jvm.K2JVMCompiler @C:\Users\admin\AndroidStudioProjects\NewsApp\app\build\20210624_13667079242733005741.compiler.options

Host: Intel(R) Core(TM) i7-4500U CPU @ 1.80GHz, 4 cores, 5G,  Windows 10 , 64 bit Build 19041 (10.0.19041.1023)
Time: Thu Jun 24 00:28:31 2021 Iran Daylight Time elapsed time: 12 seconds (0d 0h 0m 12s)

---------------  T H R E A D  ---------------

Current thread (0x0000022f79c56000):  JavaThread "C2 CompilerThread1" daemon [_thread_in_native, id=5904, stack(0x0000009058600000,0x0000009058700000)]


Current CompileTask:
C2:  12140 8291       4       org.jetbrains.kotlin.resolve.lazy.ForceResolveUtil::doForceResolveAllContents (206 bytes)

Stack: [0x0000009058600000,0x0000009058700000]
Native frames: (J=compiled Java code, j=interpreted, Vv=VM code, C=native code)
V  [jvm.dll+0x5de50a]
V  [jvm.dll+0x7122f5]
V  [jvm.dll+0x71384d]
V  [jvm.dll+0x713f03]
V  [jvm.dll+0x23e728]
V  [jvm.dll+0xb899c]
V  [jvm.dll+0xb8e9c]
V  [jvm.dll+0x35020b]
V  [jvm.dll+0x193cbc]
V  [jvm.dll+0x1f780e]
V  [jvm.dll+0x1f68d4]
V  [jvm.dll+0x17f32c]
V  [jvm.dll+0x205047]
V  [jvm.dll+0x203891]
V  [jvm.dll+0x6dad3f]
V  [jvm.dll+0x6d3895]
V  [jvm.dll+0x5dd4a6]
C  [ucrtbase.dll+0x21bb2]
C  [KERNEL32.DLL+0x17034]
C  [ntdll.dll+0x52651]


---------------  P R O C E S S  ---------------

Threads class SMR info:
_java_thread_list=0x0000022f006876e0, length=11, elements={
0x0000022f602ba800, 0x0000022f790d3000, 0x0000022f790d3800, 0x0000022f790ef800,
0x0000022f790f3800, 0x0000022f790f4800, 0x0000022f79101800, 0x0000022f79105000,
0x0000022f79bfe800, 0x0000022f79c05800, 0x0000022f79c56000
}

Java Threads: ( => current thread )
  0x0000022f602ba800 JavaThread "main" [_thread_in_Java, id=9300, stack(0x0000009057500000,0x0000009057600000)]
  0x0000022f790d3000 JavaThread "Reference Handler" daemon [_thread_blocked, id=1748, stack(0x0000009057c00000,0x0000009057d00000)]
  0x0000022f790d3800 JavaThread "Finalizer" daemon [_thread_blocked, id=2528, stack(0x0000009057d00000,0x0000009057e00000)]
  0x0000022f790ef800 JavaThread "Signal Dispatcher" daemon [_thread_blocked, id=11040, stack(0x0000009057e00000,0x0000009057f00000)]
  0x0000022f790f3800 JavaThread "Attach Listener" daemon [_thread_blocked, id=1280, stack(0x0000009057f00000,0x0000009058000000)]
  0x0000022f790f4800 JavaThread "C2 CompilerThread0" daemon [_thread_in_native, id=4980, stack(0x0000009058000000,0x0000009058100000)]
  0x0000022f79101800 JavaThread "C1 CompilerThread0" daemon [_thread_blocked, id=7380, stack(0x0000009058100000,0x0000009058200000)]
  0x0000022f79105000 JavaThread "Sweeper thread" daemon [_thread_blocked, id=5456, stack(0x0000009058200000,0x0000009058300000)]
  0x0000022f79bfe800 JavaThread "Service Thread" daemon [_thread_blocked, id=2412, stack(0x0000009058300000,0x0000009058400000)]
  0x0000022f79c05800 JavaThread "Common-Cleaner" daemon [_thread_blocked, id=12112, stack(0x0000009058500000,0x0000009058600000)]
=>0x0000022f79c56000 JavaThread "C2 CompilerThread1" daemon [_thread_in_native, id=5904, stack(0x0000009058600000,0x0000009058700000)]

Other Threads:
  0x0000022f790ad800 VMThread "VM Thread" [stack: 0x0000009057b00000,0x0000009057c00000] [id=12768]
  0x0000022f79bff000 WatcherThread [stack: 0x0000009058400000,0x0000009058500000] [id=11352]
  0x0000022f602d2800 GCTaskThread "GC Thread#0" [stack: 0x0000009057600000,0x0000009057700000] [id=9916]
  0x0000022f79eeb800 GCTaskThread "GC Thread#1" [stack: 0x0000009058700000,0x0000009058800000] [id=8496]
  0x0000022f602fa000 ConcurrentGCThread "G1 Main Marker" [stack: 0x0000009057700000,0x0000009057800000] [id=13248]
  0x0000022f602fb800 ConcurrentGCThread "G1 Conc#0" [stack: 0x0000009057800000,0x0000009057900000] [id=1148]
  0x0000022f6036f000 ConcurrentGCThread "G1 Refine#0" [stack: 0x0000009057900000,0x0000009057a00000] [id=13304]
  0x0000022f79bda000 ConcurrentGCThread "G1 Refine#1" [stack: 0x0000009058800000,0x0000009058900000] [id=3348]
  0x0000022f60371000 ConcurrentGCThread "G1 Young RemSet Sampling" [stack: 0x0000009057a00000,0x0000009057b00000] [id=12560]

Threads with active compile tasks:
C2 CompilerThread0  12191 8467       4       org.jetbrains.kotlin.types.AbstractTypeConstructor::getSupertypes (8 bytes)
C2 CompilerThread1  12191 8291       4       org.jetbrains.kotlin.resolve.lazy.ForceResolveUtil::doForceResolveAllContents (206 bytes)

VM state:not at safepoint (normal execution)

VM Mutex/Monitor currently owned by a thread: None

Heap address: 0x00000000a1c00000, size: 1508 MB, Compressed Oops mode: 32-bit
Narrow klass base: 0x0000000000000000, Narrow klass shift: 3
Compressed class space size: 1073741824 Address: 0x0000000100000000

Heap:
 garbage-first heap   total 160768K, used 105984K [0x00000000a1c00000, 0x0000000100000000)
  region size 1024K, 53 young (54272K), 2 survivors (2048K)
 Metaspace       used 66587K, capacity 67472K, committed 67676K, reserved 1110016K
  class space    used 7528K, capacity 7868K, committed 7932K, reserved 1048576K
Heap Regions: E=young(eden), S=young(survivor), O=old, HS=humongous(starts), HC=humongous(continues), CS=collection set, F=free, A=archive, TAMS=top-at-mark-start (previous, next)
|   0|0x00000000a1c00000, 0x00000000a1d00000, 0x00000000a1d00000|100%|HS|  |TAMS 0x00000000a1d00000, 0x00000000a1c00000| Complete 
|   1|0x00000000a1d00000, 0x00000000a1e00000, 0x00000000a1e00000|100%|HC|  |TAMS 0x00000000a1e00000, 0x00000000a1d00000| Complete 
|   2|0x00000000a1e00000, 0x00000000a1f00000, 0x00000000a1f00000|100%|HC|  |TAMS 0x00000000a1f00000, 0x00000000a1e00000| Complete 
|   3|0x00000000a1f00000, 0x00000000a2000000, 0x00000000a2000000|100%| O|  |TAMS 0x00000000a2000000, 0x00000000a1f00000| Untracked 
|   4|0x00000000a2000000, 0x00000000a2100000, 0x00000000a2100000|100%| O|  |TAMS 0x00000000a2100000, 0x00000000a2000000| Untracked 
|   5|0x00000000a2100000, 0x00000000a2200000, 0x00000000a2200000|100%|HS|  |TAMS 0x00000000a2200000, 0x00000000a2100000| Complete 
|   6|0x00000000a2200000, 0x00000000a2300000, 0x00000000a2300000|100%|HC|  |TAMS 0x00000000a2300000, 0x00000000a2200000| Complete 
|   7|0x00000000a2300000, 0x00000000a2400000, 0x00000000a2400000|100%|HC|  |TAMS 0x00000000a2400000, 0x00000000a2300000| Complete 
|   8|0x00000000a2400000, 0x00000000a2500000, 0x00000000a2500000|100%|HS|  |TAMS 0x00000000a2500000, 0x00000000a2400000| Complete 
|   9|0x00000000a2500000, 0x00000000a2600000, 0x00000000a2600000|100%|HC|  |TAMS 0x00000000a2600000, 0x00000000a2500000| Complete 
|  10|0x00000000a2600000, 0x00000000a2700000, 0x00000000a2700000|100%|HC|  |TAMS 0x00000000a2700000, 0x00000000a2600000| Complete 
|  11|0x00000000a2700000, 0x00000000a2800000, 0x00000000a2800000|100%|HS|  |TAMS 0x00000000a2800000, 0x00000000a2700000| Complete 
|  12|0x00000000a2800000, 0x00000000a2900000, 0x00000000a2900000|100%|HC|  |TAMS 0x00000000a2900000, 0x00000000a2800000| Complete 
|  13|0x00000000a2900000, 0x00000000a2a00000, 0x00000000a2a00000|100%| O|  |TAMS 0x00000000a2a00000, 0x00000000a2900000| Untracked 
|  14|0x00000000a2a00000, 0x00000000a2b00000, 0x00000000a2b00000|100%| O|  |TAMS 0x00000000a2b00000, 0x00000000a2a00000| Untracked 
|  15|0x00000000a2b00000, 0x00000000a2c00000, 0x00000000a2c00000|100%| O|  |TAMS 0x00000000a2c00000, 0x00000000a2b00000| Untracked 
|  16|0x00000000a2c00000, 0x00000000a2d00000, 0x00000000a2d00000|100%| O|  |TAMS 0x00000000a2d00000, 0x00000000a2c00000| Untracked 
|  17|0x00000000a2d00000, 0x00000000a2e00000, 0x00000000a2e00000|100%| O|  |TAMS 0x00000000a2e00000, 0x00000000a2d00000| Untracked 
|  18|0x00000000a2e00000, 0x00000000a2f00000, 0x00000000a2f00000|100%| O|  |TAMS 0x00000000a2f00000, 0x00000000a2e00000| Untracked 
|  19|0x00000000a2f00000, 0x00000000a3000000, 0x00000000a3000000|100%| O|  |TAMS 0x00000000a3000000, 0x00000000a2f00000| Untracked 
|  20|0x00000000a3000000, 0x00000000a3100000, 0x00000000a3100000|100%| O|  |TAMS 0x00000000a3100000, 0x00000000a3000000| Untracked 
|  21|0x00000000a3100000, 0x00000000a3200000, 0x00000000a3200000|100%| O|  |TAMS 0x00000000a3200000, 0x00000000a3100000| Untracked 
|  22|0x00000000a3200000, 0x00000000a3300000, 0x00000000a3300000|100%| O|  |TAMS 0x00000000a3300000, 0x00000000a3200000| Untracked 
|  23|0x00000000a3300000, 0x00000000a3400000, 0x00000000a3400000|100%| O|  |TAMS 0x00000000a3400000, 0x00000000a3300000| Untracked 
|  24|0x00000000a3400000, 0x00000000a3500000, 0x00000000a3500000|100%| O|  |TAMS 0x00000000a3500000, 0x00000000a3400000| Untracked 
|  25|0x00000000a3500000, 0x00000000a3600000, 0x00000000a3600000|100%| O|  |TAMS 0x00000000a3600000, 0x00000000a3500000| Untracked 
|  26|0x00000000a3600000, 0x00000000a3700000, 0x00000000a3700000|100%| O|  |TAMS 0x00000000a3700000, 0x00000000a3600000| Untracked 
|  27|0x00000000a3700000, 0x00000000a3800000, 0x00000000a3800000|100%| O|  |TAMS 0x00000000a3800000, 0x00000000a3700000| Untracked 
|  28|0x00000000a3800000, 0x00000000a3900000, 0x00000000a3900000|100%| O|  |TAMS 0x00000000a3900000, 0x00000000a3800000| Untracked 
|  29|0x00000000a3900000, 0x00000000a3a00000, 0x00000000a3a00000|100%| O|  |TAMS 0x00000000a3a00000, 0x00000000a3900000| Untracked 
|  30|0x00000000a3a00000, 0x00000000a3b00000, 0x00000000a3b00000|100%| O|  |TAMS 0x00000000a3b00000, 0x00000000a3a00000| Untracked 
|  31|0x00000000a3b00000, 0x00000000a3c00000, 0x00000000a3c00000|100%| O|  |TAMS 0x00000000a3c00000, 0x00000000a3b00000| Untracked 
|  32|0x00000000a3c00000, 0x00000000a3d00000, 0x00000000a3d00000|100%| O|  |TAMS 0x00000000a3d00000, 0x00000000a3c00000| Untracked 
|  33|0x00000000a3d00000, 0x00000000a3e00000, 0x00000000a3e00000|100%| O|  |TAMS 0x00000000a3e00000, 0x00000000a3d00000| Untracked 
|  34|0x00000000a3e00000, 0x00000000a3f00000, 0x00000000a3f00000|100%| O|  |TAMS 0x00000000a3f00000, 0x00000000a3e00000| Untracked 
|  35|0x00000000a3f00000, 0x00000000a4000000, 0x00000000a4000000|100%| O|  |TAMS 0x00000000a4000000, 0x00000000a3f00000| Untracked 
|  36|0x00000000a4000000, 0x00000000a4100000, 0x00000000a4100000|100%| O|  |TAMS 0x00000000a4100000, 0x00000000a4000000| Untracked 
|  37|0x00000000a4100000, 0x00000000a4200000, 0x00000000a4200000|100%| O|  |TAMS 0x00000000a4200000, 0x00000000a4100000| Untracked 
|  38|0x00000000a4200000, 0x00000000a4300000, 0x00000000a4300000|100%| O|  |TAMS 0x00000000a4300000, 0x00000000a4200000| Untracked 
|  39|0x00000000a4300000, 0x00000000a4400000, 0x00000000a4400000|100%| O|  |TAMS 0x00000000a4400000, 0x00000000a4300000| Untracked 
|  40|0x00000000a4400000, 0x00000000a4500000, 0x00000000a4500000|100%| O|  |TAMS 0x00000000a4500000, 0x00000000a4400000| Untracked 
|  41|0x00000000a4500000, 0x00000000a4600000, 0x00000000a4600000|100%| O|  |TAMS 0x00000000a4600000, 0x00000000a4500000| Untracked 
|  42|0x00000000a4600000, 0x00000000a4700000, 0x00000000a4700000|100%| O|  |TAMS 0x00000000a4700000, 0x00000000a4600000| Untracked 
|  43|0x00000000a4700000, 0x00000000a4800000, 0x00000000a4800000|100%| O|  |TAMS 0x00000000a4800000, 0x00000000a4700000| Untracked 
|  44|0x00000000a4800000, 0x00000000a4900000, 0x00000000a4900000|100%| O|  |TAMS 0x00000000a4900000, 0x00000000a4800000| Untracked 
|  45|0x00000000a4900000, 0x00000000a4a00000, 0x00000000a4a00000|100%| O|  |TAMS 0x00000000a4a00000, 0x00000000a4900000| Untracked 
|  46|0x00000000a4a00000, 0x00000000a4b00000, 0x00000000a4b00000|100%| O|  |TAMS 0x00000000a4b00000, 0x00000000a4a00000| Untracked 
|  47|0x00000000a4b00000, 0x00000000a4c00000, 0x00000000a4c00000|100%| O|  |TAMS 0x00000000a4c00000, 0x00000000a4b00000| Untracked 
|  48|0x00000000a4c00000, 0x00000000a4d00000, 0x00000000a4d00000|100%| O|  |TAMS 0x00000000a4d00000, 0x00000000a4c00000| Untracked 
|  49|0x00000000a4d00000, 0x00000000a4e00000, 0x00000000a4e00000|100%| O|  |TAMS 0x00000000a4e00000, 0x00000000a4d00000| Untracked 
|  50|0x00000000a4e00000, 0x00000000a4f00000, 0x00000000a4f00000|100%| O|  |TAMS 0x00000000a4f00000, 0x00000000a4e00000| Untracked 
|  51|0x00000000a4f00000, 0x00000000a4f80000, 0x00000000a5000000| 50%| O|  |TAMS 0x00000000a4f80000, 0x00000000a4f00000| Untracked 
|  52|0x00000000a5000000, 0x00000000a5000000, 0x00000000a5100000|  0%| F|  |TAMS 0x00000000a5000000, 0x00000000a5000000| Untracked 
|  53|0x00000000a5100000, 0x00000000a5100000, 0x00000000a5200000|  0%| F|  |TAMS 0x00000000a5100000, 0x00000000a5100000| Untracked 
|  54|0x00000000a5200000, 0x00000000a5200000, 0x00000000a5300000|  0%| F|  |TAMS 0x00000000a5200000, 0x00000000a5200000| Untracked 
|  55|0x00000000a5300000, 0x00000000a5300000, 0x00000000a5400000|  0%| F|  |TAMS 0x00000000a5300000, 0x00000000a5300000| Untracked 
|  56|0x00000000a5400000, 0x00000000a5400000, 0x00000000a5500000|  0%| F|  |TAMS 0x00000000a5400000, 0x00000000a5400000| Untracked 
|  57|0x00000000a5500000, 0x00000000a5500000, 0x00000000a5600000|  0%| F|  |TAMS 0x00000000a5500000, 0x00000000a5500000| Untracked 
|  58|0x00000000a5600000, 0x00000000a5600000, 0x00000000a5700000|  0%| F|  |TAMS 0x00000000a5600000, 0x00000000a5600000| Untracked 
|  59|0x00000000a5700000, 0x00000000a5700000, 0x00000000a5800000|  0%| F|  |TAMS 0x00000000a5700000, 0x00000000a5700000| Untracked 
|  60|0x00000000a5800000, 0x00000000a5800000, 0x00000000a5900000|  0%| F|  |TAMS 0x00000000a5800000, 0x00000000a5800000| Untracked 
|  61|0x00000000a5900000, 0x00000000a5900000, 0x00000000a5a00000|  0%| F|  |TAMS 0x00000000a5900000, 0x00000000a5900000| Untracked 
|  62|0x00000000a5a00000, 0x00000000a5a00000, 0x00000000a5b00000|  0%| F|  |TAMS 0x00000000a5a00000, 0x00000000a5a00000| Untracked 
|  63|0x00000000a5b00000, 0x00000000a5b00000, 0x00000000a5c00000|  0%| F|  |TAMS 0x00000000a5b00000, 0x00000000a5b00000| Untracked 
|  64|0x00000000a5c00000, 0x00000000a5c00000, 0x00000000a5d00000|  0%| F|  |TAMS 0x00000000a5c00000, 0x00000000a5c00000| Untracked 
|  65|0x00000000a5d00000, 0x00000000a5d00000, 0x00000000a5e00000|  0%| F|  |TAMS 0x00000000a5d00000, 0x00000000a5d00000| Untracked 
|  66|0x00000000a5e00000, 0x00000000a5e00000, 0x00000000a5f00000|  0%| F|  |TAMS 0x00000000a5e00000, 0x00000000a5e00000| Untracked 
|  67|0x00000000a5f00000, 0x00000000a5f00000, 0x00000000a6000000|  0%| F|  |TAMS 0x00000000a5f00000, 0x00000000a5f00000| Untracked 
|  68|0x00000000a6000000, 0x00000000a6000000, 0x00000000a6100000|  0%| F|  |TAMS 0x00000000a6000000, 0x00000000a6000000| Untracked 
|  69|0x00000000a6100000, 0x00000000a6100000, 0x00000000a6200000|  0%| F|  |TAMS 0x00000000a6100000, 0x00000000a6100000| Untracked 
|  70|0x00000000a6200000, 0x00000000a6200000, 0x00000000a6300000|  0%| F|  |TAMS 0x00000000a6200000, 0x00000000a6200000| Untracked 
|  71|0x00000000a6300000, 0x00000000a6300000, 0x00000000a6400000|  0%| F|  |TAMS 0x00000000a6300000, 0x00000000a6300000| Untracked 
|  72|0x00000000a6400000, 0x00000000a6400000, 0x00000000a6500000|  0%| F|  |TAMS 0x00000000a6400000, 0x00000000a6400000| Untracked 
|  73|0x00000000a6500000, 0x00000000a6500000, 0x00000000a6600000|  0%| F|  |TAMS 0x00000000a6500000, 0x00000000a6500000| Untracked 
|  74|0x00000000a6600000, 0x00000000a6600000, 0x00000000a6700000|  0%| F|  |TAMS 0x00000000a6600000, 0x00000000a6600000| Untracked 
|  75|0x00000000a6700000, 0x00000000a6700000, 0x00000000a6800000|  0%| F|  |TAMS 0x00000000a6700000, 0x00000000a6700000| Untracked 
|  76|0x00000000a6800000, 0x00000000a6800000, 0x00000000a6900000|  0%| F|  |TAMS 0x00000000a6800000, 0x00000000a6800000| Untracked 
|  77|0x00000000a6900000, 0x00000000a6900000, 0x00000000a6a00000|  0%| F|  |TAMS 0x00000000a6900000, 0x00000000a6900000| Untracked 
|  78|0x00000000a6a00000, 0x00000000a6a00000, 0x00000000a6b00000|  0%| F|  |TAMS 0x00000000a6a00000, 0x00000000a6a00000| Untracked 
|  79|0x00000000a6b00000, 0x00000000a6b00000, 0x00000000a6c00000|  0%| F|  |TAMS 0x00000000a6b00000, 0x00000000a6b00000| Untracked 
|  80|0x00000000a6c00000, 0x00000000a6c00000, 0x00000000a6d00000|  0%| F|  |TAMS 0x00000000a6c00000, 0x00000000a6c00000| Untracked 
|  81|0x00000000a6d00000, 0x00000000a6d00000, 0x00000000a6e00000|  0%| F|  |TAMS 0x00000000a6d00000, 0x00000000a6d00000| Untracked 
|  82|0x00000000a6e00000, 0x00000000a6e00000, 0x00000000a6f00000|  0%| F|  |TAMS 0x00000000a6e00000, 0x00000000a6e00000| Untracked 
|  83|0x00000000a6f00000, 0x00000000a6f00000, 0x00000000a7000000|  0%| F|  |TAMS 0x00000000a6f00000, 0x00000000a6f00000| Untracked 
|  84|0x00000000a7000000, 0x00000000a7000000, 0x00000000a7100000|  0%| F|  |TAMS 0x00000000a7000000, 0x00000000a7000000| Untracked 
|  85|0x00000000a7100000, 0x00000000a7100000, 0x00000000a7200000|  0%| F|  |TAMS 0x00000000a7100000, 0x00000000a7100000| Untracked 
|  86|0x00000000a7200000, 0x00000000a7200000, 0x00000000a7300000|  0%| F|  |TAMS 0x00000000a7200000, 0x00000000a7200000| Untracked 
|  87|0x00000000a7300000, 0x00000000a7300000, 0x00000000a7400000|  0%| F|  |TAMS 0x00000000a7300000, 0x00000000a7300000| Untracked 
|  88|0x00000000a7400000, 0x00000000a7400000, 0x00000000a7500000|  0%| F|  |TAMS 0x00000000a7400000, 0x00000000a7400000| Untracked 
|  89|0x00000000a7500000, 0x00000000a7500000, 0x00000000a7600000|  0%| F|  |TAMS 0x00000000a7500000, 0x00000000a7500000| Untracked 
|  90|0x00000000a7600000, 0x00000000a7600000, 0x00000000a7700000|  0%| F|  |TAMS 0x00000000a7600000, 0x00000000a7600000| Untracked 
|  91|0x00000000a7700000, 0x00000000a7700000, 0x00000000a7800000|  0%| F|  |TAMS 0x00000000a7700000, 0x00000000a7700000| Untracked 
|  92|0x00000000a7800000, 0x00000000a7800000, 0x00000000a7900000|  0%| F|  |TAMS 0x00000000a7800000, 0x00000000a7800000| Untracked 
|  93|0x00000000a7900000, 0x00000000a7900000, 0x00000000a7a00000|  0%| F|  |TAMS 0x00000000a7900000, 0x00000000a7900000| Untracked 
|  94|0x00000000a7a00000, 0x00000000a7a00000, 0x00000000a7b00000|  0%| F|  |TAMS 0x00000000a7a00000, 0x00000000a7a00000| Untracked 
|  95|0x00000000a7b00000, 0x00000000a7b00000, 0x00000000a7c00000|  0%| F|  |TAMS 0x00000000a7b00000, 0x00000000a7b00000| Untracked 
|  96|0x00000000a7c00000, 0x00000000a7c00000, 0x00000000a7d00000|  0%| F|  |TAMS 0x00000000a7c00000, 0x00000000a7c00000| Untracked 
|  97|0x00000000a7d00000, 0x00000000a7d00000, 0x00000000a7e00000|  0%| F|  |TAMS 0x00000000a7d00000, 0x00000000a7d00000| Untracked 
|  98|0x00000000a7e00000, 0x00000000a7e00000, 0x00000000a7f00000|  0%| F|  |TAMS 0x00000000a7e00000, 0x00000000a7e00000| Untracked 
|  99|0x00000000a7f00000, 0x00000000a7f00000, 0x00000000a8000000|  0%| F|  |TAMS 0x00000000a7f00000, 0x00000000a7f00000| Untracked 
| 100|0x00000000a8000000, 0x00000000a8000000, 0x00000000a8100000|  0%| F|  |TAMS 0x00000000a8000000, 0x00000000a8000000| Untracked 
| 101|0x00000000a8100000, 0x00000000a8100000, 0x00000000a8200000|  0%| F|  |TAMS 0x00000000a8100000, 0x00000000a8100000| Untracked 
| 102|0x00000000a8200000, 0x00000000a8200000, 0x00000000a8300000|  0%| F|  |TAMS 0x00000000a8200000, 0x00000000a8200000| Untracked 
| 103|0x00000000a8300000, 0x00000000a8300000, 0x00000000a8400000|  0%| F|  |TAMS 0x00000000a8300000, 0x00000000a8300000| Untracked 
| 104|0x00000000a8400000, 0x00000000a8480800, 0x00000000a8500000| 50%| E|  |TAMS 0x00000000a8400000, 0x00000000a8400000| Complete 
| 105|0x00000000a8500000, 0x00000000a8600000, 0x00000000a8600000|100%| E|CS|TAMS 0x00000000a8500000, 0x00000000a8500000| Complete 
| 106|0x00000000a8600000, 0x00000000a8700000, 0x00000000a8700000|100%| E|CS|TAMS 0x00000000a8600000, 0x00000000a8600000| Complete 
| 107|0x00000000a8700000, 0x00000000a8800000, 0x00000000a8800000|100%| S|CS|TAMS 0x00000000a8700000, 0x00000000a8700000| Complete 
| 108|0x00000000a8800000, 0x00000000a8900000, 0x00000000a8900000|100%| S|CS|TAMS 0x00000000a8800000, 0x00000000a8800000| Complete 
| 109|0x00000000a8900000, 0x00000000a8a00000, 0x00000000a8a00000|100%| E|CS|TAMS 0x00000000a8900000, 0x00000000a8900000| Complete 
| 110|0x00000000a8a00000, 0x00000000a8b00000, 0x00000000a8b00000|100%| E|CS|TAMS 0x00000000a8a00000, 0x00000000a8a00000| Complete 
| 111|0x00000000a8b00000, 0x00000000a8c00000, 0x00000000a8c00000|100%| E|CS|TAMS 0x00000000a8b00000, 0x00000000a8b00000| Complete 
| 112|0x00000000a8c00000, 0x00000000a8d00000, 0x00000000a8d00000|100%| E|CS|TAMS 0x00000000a8c00000, 0x00000000a8c00000| Complete 
| 113|0x00000000a8d00000, 0x00000000a8e00000, 0x00000000a8e00000|100%| E|CS|TAMS 0x00000000a8d00000, 0x00000000a8d00000| Complete 
| 114|0x00000000a8e00000, 0x00000000a8f00000, 0x00000000a8f00000|100%| E|CS|TAMS 0x00000000a8e00000, 0x00000000a8e00000| Complete 
| 115|0x00000000a8f00000, 0x00000000a9000000, 0x00000000a9000000|100%| E|CS|TAMS 0x00000000a8f00000, 0x00000000a8f00000| Complete 
| 116|0x00000000a9000000, 0x00000000a9100000, 0x00000000a9100000|100%| E|CS|TAMS 0x00000000a9000000, 0x00000000a9000000| Complete 
| 117|0x00000000a9100000, 0x00000000a9200000, 0x00000000a9200000|100%| E|CS|TAMS 0x00000000a9100000, 0x00000000a9100000| Complete 
| 118|0x00000000a9200000, 0x00000000a9300000, 0x00000000a9300000|100%| E|CS|TAMS 0x00000000a9200000, 0x00000000a9200000| Complete 
| 119|0x00000000a9300000, 0x00000000a9400000, 0x00000000a9400000|100%| E|CS|TAMS 0x00000000a9300000, 0x00000000a9300000| Complete 
| 120|0x00000000a9400000, 0x00000000a9500000, 0x00000000a9500000|100%| E|CS|TAMS 0x00000000a9400000, 0x00000000a9400000| Complete 
| 121|0x00000000a9500000, 0x00000000a9600000, 0x00000000a9600000|100%| E|CS|TAMS 0x00000000a9500000, 0x00000000a9500000| Complete 
| 122|0x00000000a9600000, 0x00000000a9700000, 0x00000000a9700000|100%| E|CS|TAMS 0x00000000a9600000, 0x00000000a9600000| Complete 
| 123|0x00000000a9700000, 0x00000000a9800000, 0x00000000a9800000|100%| E|CS|TAMS 0x00000000a9700000, 0x00000000a9700000| Complete 
| 124|0x00000000a9800000, 0x00000000a9900000, 0x00000000a9900000|100%| E|CS|TAMS 0x00000000a9800000, 0x00000000a9800000| Complete 
| 125|0x00000000a9900000, 0x00000000a9a00000, 0x00000000a9a00000|100%| E|CS|TAMS 0x00000000a9900000, 0x00000000a9900000| Complete 
| 126|0x00000000a9a00000, 0x00000000a9b00000, 0x00000000a9b00000|100%| E|CS|TAMS 0x00000000a9a00000, 0x00000000a9a00000| Complete 
| 127|0x00000000a9b00000, 0x00000000a9c00000, 0x00000000a9c00000|100%| E|CS|TAMS 0x00000000a9b00000, 0x00000000a9b00000| Complete 
| 128|0x00000000a9c00000, 0x00000000a9d00000, 0x00000000a9d00000|100%| E|CS|TAMS 0x00000000a9c00000, 0x00000000a9c00000| Complete 
| 129|0x00000000a9d00000, 0x00000000a9e00000, 0x00000000a9e00000|100%| E|CS|TAMS 0x00000000a9d00000, 0x00000000a9d00000| Complete 
| 130|0x00000000a9e00000, 0x00000000a9f00000, 0x00000000a9f00000|100%| E|CS|TAMS 0x00000000a9e00000, 0x00000000a9e00000| Complete 
| 131|0x00000000a9f00000, 0x00000000aa000000, 0x00000000aa000000|100%| E|CS|TAMS 0x00000000a9f00000, 0x00000000a9f00000| Complete 
| 132|0x00000000aa000000, 0x00000000aa100000, 0x00000000aa100000|100%| E|CS|TAMS 0x00000000aa000000, 0x00000000aa000000| Complete 
| 133|0x00000000aa100000, 0x00000000aa200000, 0x00000000aa200000|100%| E|CS|TAMS 0x00000000aa100000, 0x00000000aa100000| Complete 
| 134|0x00000000aa200000, 0x00000000aa300000, 0x00000000aa300000|100%| E|CS|TAMS 0x00000000aa200000, 0x00000000aa200000| Complete 
| 135|0x00000000aa300000, 0x00000000aa400000, 0x00000000aa400000|100%| E|CS|TAMS 0x00000000aa300000, 0x00000000aa300000| Complete 
| 136|0x00000000aa400000, 0x00000000aa500000, 0x00000000aa500000|100%| E|CS|TAMS 0x00000000aa400000, 0x00000000aa400000| Complete 
| 137|0x00000000aa500000, 0x00000000aa600000, 0x00000000aa600000|100%| E|CS|TAMS 0x00000000aa500000, 0x00000000aa500000| Complete 
| 138|0x00000000aa600000, 0x00000000aa700000, 0x00000000aa700000|100%| E|CS|TAMS 0x00000000aa600000, 0x00000000aa600000| Complete 
| 139|0x00000000aa700000, 0x00000000aa800000, 0x00000000aa800000|100%| E|CS|TAMS 0x00000000aa700000, 0x00000000aa700000| Complete 
| 140|0x00000000aa800000, 0x00000000aa900000, 0x00000000aa900000|100%| E|CS|TAMS 0x00000000aa800000, 0x00000000aa800000| Complete 
| 141|0x00000000aa900000, 0x00000000aaa00000, 0x00000000aaa00000|100%| E|CS|TAMS 0x00000000aa900000, 0x00000000aa900000| Complete 
| 142|0x00000000aaa00000, 0x00000000aab00000, 0x00000000aab00000|100%| E|CS|TAMS 0x00000000aaa00000, 0x00000000aaa00000| Complete 
| 143|0x00000000aab00000, 0x00000000aac00000, 0x00000000aac00000|100%| E|CS|TAMS 0x00000000aab00000, 0x00000000aab00000| Complete 
| 144|0x00000000aac00000, 0x00000000aad00000, 0x00000000aad00000|100%| E|CS|TAMS 0x00000000aac00000, 0x00000000aac00000| Complete 
| 145|0x00000000aad00000, 0x00000000aae00000, 0x00000000aae00000|100%| E|CS|TAMS 0x00000000aad00000, 0x00000000aad00000| Complete 
| 146|0x00000000aae00000, 0x00000000aaf00000, 0x00000000aaf00000|100%| E|CS|TAMS 0x00000000aae00000, 0x00000000aae00000| Complete 
| 147|0x00000000aaf00000, 0x00000000ab000000, 0x00000000ab000000|100%| E|CS|TAMS 0x00000000aaf00000, 0x00000000aaf00000| Complete 
| 148|0x00000000ab000000, 0x00000000ab100000, 0x00000000ab100000|100%| E|CS|TAMS 0x00000000ab000000, 0x00000000ab000000| Complete 
| 149|0x00000000ab100000, 0x00000000ab200000, 0x00000000ab200000|100%| E|CS|TAMS 0x00000000ab100000, 0x00000000ab100000| Complete 
| 150|0x00000000ab200000, 0x00000000ab300000, 0x00000000ab300000|100%| E|CS|TAMS 0x00000000ab200000, 0x00000000ab200000| Complete 
| 151|0x00000000ab300000, 0x00000000ab400000, 0x00000000ab400000|100%| E|CS|TAMS 0x00000000ab300000, 0x00000000ab300000| Complete 
| 152|0x00000000ab400000, 0x00000000ab500000, 0x00000000ab500000|100%| E|CS|TAMS 0x00000000ab400000, 0x00000000ab400000| Complete 
| 153|0x00000000ab500000, 0x00000000ab600000, 0x00000000ab600000|100%| E|CS|TAMS 0x00000000ab500000, 0x00000000ab500000| Complete 
| 154|0x00000000ab600000, 0x00000000ab700000, 0x00000000ab700000|100%| E|CS|TAMS 0x00000000ab600000, 0x00000000ab600000| Complete 
| 155|0x00000000ab700000, 0x00000000ab800000, 0x00000000ab800000|100%| E|CS|TAMS 0x00000000ab700000, 0x00000000ab700000| Complete 
| 156|0x00000000ab800000, 0x00000000ab900000, 0x00000000ab900000|100%| E|CS|TAMS 0x00000000ab800000, 0x00000000ab800000| Complete 

Card table byte_map: [0x0000022f73590000,0x0000022f73890000] _byte_map_base: 0x0000022f73082000

Marking Bits (Prev, Next): (CMBitMap*) 0x0000022f602f37e0, (CMBitMap*) 0x0000022f602f37a8
 Prev Bits: [0x0000022f75320000, 0x0000022f76ab0000)
 Next Bits: [0x0000022f73b90000, 0x0000022f75320000)

Polling page: 0x0000022f63c40000

Metaspace:

Usage:
  Non-class:     58.21 MB capacity,    57.68 MB (>99%) used,   427.08 KB ( <1%) free+waste,   111.69 KB ( <1%) overhead. 
      Class:      7.68 MB capacity,     7.35 MB ( 96%) used,   290.45 KB (  4%) free+waste,    48.38 KB ( <1%) overhead. 
       Both:     65.89 MB capacity,    65.04 MB ( 99%) used,   717.52 KB (  1%) free+waste,   160.06 KB ( <1%) overhead. 

Virtual space:
  Non-class space:       60.00 MB reserved,      58.34 MB ( 97%) committed 
      Class space:        1.00 GB reserved,       7.75 MB ( <1%) committed 
             Both:        1.06 GB reserved,      66.09 MB (  6%) committed 

Chunk freelists:
   Non-Class:  10.00 KB
       Class:  3.00 KB
        Both:  13.00 KB

MaxMetaspaceSize: 17179869184.00 GB
CompressedClassSpaceSize: 1.00 GB

CodeHeap 'non-profiled nmethods': size=120064Kb used=3991Kb max_used=3991Kb free=116072Kb
 bounds [0x0000022f6b720000, 0x0000022f6bb10000, 0x0000022f72c60000]
CodeHeap 'profiled nmethods': size=120000Kb used=21535Kb max_used=21535Kb free=98464Kb
 bounds [0x0000022f641f0000, 0x0000022f65700000, 0x0000022f6b720000]
CodeHeap 'non-nmethods': size=5696Kb used=1220Kb max_used=1275Kb free=4475Kb
 bounds [0x0000022f63c60000, 0x0000022f63ed0000, 0x0000022f641f0000]
 total_blobs=9000 nmethods=8412 adapters=498
 compilation: enabled
              stopped_count=0, restarted_count=0
 full_count=0

Compilation events (20 events):
Event: 12.113 Thread 0x0000022f79101800 8468       3       org.jetbrains.kotlin.types.WrappedType::getConstructor (8 bytes)
Event: 12.113 Thread 0x0000022f79101800 nmethod 8468 0x0000022f656e2090 code [0x0000022f656e2260, 0x0000022f656e24d8]
Event: 12.115 Thread 0x0000022f79101800 8470       3       java.lang.Character::isLetterOrDigit (5 bytes)
Event: 12.115 Thread 0x0000022f79101800 nmethod 8470 0x0000022f656e2590 code [0x0000022f656e2760, 0x0000022f656e2a58]
Event: 12.115 Thread 0x0000022f79101800 8471       3       java.lang.Character::isLetterOrDigit (19 bytes)
Event: 12.115 Thread 0x0000022f79101800 nmethod 8471 0x0000022f656e2b90 code [0x0000022f656e2d60, 0x0000022f656e2ff8]
Event: 12.117 Thread 0x0000022f790f4800 nmethod 8463 0x0000022f6bb00690 code [0x0000022f6bb00840, 0x0000022f6bb00b28]
Event: 12.117 Thread 0x0000022f790f4800 8469       4       java.util.regex.Matcher::search (154 bytes)
Event: 12.118 Thread 0x0000022f79101800 8472       3       org.jetbrains.kotlin.descriptors.annotations.CompositeAnnotations::findAnnotation (37 bytes)
Event: 12.120 Thread 0x0000022f79101800 nmethod 8472 0x0000022f656e3110 code [0x0000022f656e3520, 0x0000022f656e5058]
Event: 12.120 Thread 0x0000022f79101800 8474       3       org.jetbrains.kotlin.metadata.ProtoBuf$Type::isInitialized (145 bytes)
Event: 12.121 Thread 0x0000022f79101800 nmethod 8474 0x0000022f656e5910 code [0x0000022f656e5ba0, 0x0000022f656e6828]
Event: 12.121 Thread 0x0000022f79101800 8475       3       org.jetbrains.kotlin.metadata.ProtoBuf$Type::getSerializedSize (393 bytes)
Event: 12.124 Thread 0x0000022f79101800 nmethod 8475 0x0000022f656e6b90 code [0x0000022f656e7140, 0x0000022f656e9b48]
Event: 12.124 Thread 0x0000022f79101800 8476       3       org.jetbrains.kotlin.storage.LockBasedStorageManager::createNullableLazyValue (19 bytes)
Event: 12.124 Thread 0x0000022f79101800 nmethod 8476 0x0000022f656eab10 code [0x0000022f656eace0, 0x0000022f656eaef8]
Event: 12.124 Thread 0x0000022f79101800 8478       1       org.jetbrains.kotlin.codegen.state.KotlinTypeMapper::getBindingContext (5 bytes)
Event: 12.124 Thread 0x0000022f79101800 nmethod 8478 0x0000022f6bb00e10 code [0x0000022f6bb00fc0, 0x0000022f6bb01078]
Event: 12.124 Thread 0x0000022f79101800 8473       3       org.jetbrains.kotlin.descriptors.annotations.CompositeAnnotations$findAnnotation$1::<init> (11 bytes)
Event: 12.125 Thread 0x0000022f79101800 nmethod 8473 0x0000022f656eb010 code [0x0000022f656eb1c0, 0x0000022f656eb3d8]

GC Heap History (18 events):
Event: 0.599 GC heap before
{Heap before GC invocations=0 (full 0):
 garbage-first heap   total 98304K, used 17408K [0x00000000a1c00000, 0x0000000100000000)
  region size 1024K, 14 young (14336K), 0 survivors (0K)
 Metaspace       used 9771K, capacity 9871K, committed 10112K, reserved 1058816K
  class space    used 829K, capacity 884K, committed 896K, reserved 1048576K
}
Event: 0.604 GC heap after
{Heap after GC invocations=1 (full 0):
 garbage-first heap   total 98304K, used 5148K [0x00000000a1c00000, 0x0000000100000000)
  region size 1024K, 2 young (2048K), 2 survivors (2048K)
 Metaspace       used 9771K, capacity 9871K, committed 10112K, reserved 1058816K
  class space    used 829K, capacity 884K, committed 896K, reserved 1048576K
}
Event: 1.613 GC heap before
{Heap before GC invocations=1 (full 0):
 garbage-first heap   total 98304K, used 51228K [0x00000000a1c00000, 0x0000000100000000)
  region size 1024K, 48 young (49152K), 2 survivors (2048K)
 Metaspace       used 20992K, capacity 21194K, committed 21248K, reserved 1069056K
  class space    used 2220K, capacity 2297K, committed 2304K, reserved 1048576K
}
Event: 1.632 GC heap after
{Heap after GC invocations=2 (full 0):
 garbage-first heap   total 98304K, used 9480K [0x00000000a1c00000, 0x0000000100000000)
  region size 1024K, 7 young (7168K), 7 survivors (7168K)
 Metaspace       used 20992K, capacity 21194K, committed 21248K, reserved 1069056K
  class space    used 2220K, capacity 2297K, committed 2304K, reserved 1048576K
}
Event: 3.036 GC heap before
{Heap before GC invocations=3 (full 0):
 garbage-first heap   total 98304K, used 67848K [0x00000000a1c00000, 0x0000000100000000)
  region size 1024K, 54 young (55296K), 7 survivors (7168K)
 Metaspace       used 30508K, capacity 30958K, committed 31228K, reserved 1077248K
  class space    used 3574K, capacity 3710K, committed 3836K, reserved 1048576K
}
Event: 3.065 GC heap after
{Heap after GC invocations=4 (full 0):
 garbage-first heap   total 98304K, used 22672K [0x00000000a1c00000, 0x0000000100000000)
  region size 1024K, 7 young (7168K), 7 survivors (7168K)
 Metaspace       used 30508K, capacity 30958K, committed 31228K, reserved 1077248K
  class space    used 3574K, capacity 3710K, committed 3836K, reserved 1048576K
}
Event: 3.564 GC heap before
{Heap before GC invocations=4 (full 0):
 garbage-first heap   total 98304K, used 47248K [0x00000000a1c00000, 0x0000000100000000)
  region size 1024K, 30 young (30720K), 7 survivors (7168K)
 Metaspace       used 35376K, capacity 35852K, committed 36048K, reserved 1081344K
  class space    used 4110K, capacity 4294K, committed 4348K, reserved 1048576K
}
Event: 3.583 GC heap after
{Heap after GC invocations=5 (full 0):
 garbage-first heap   total 98304K, used 24809K [0x00000000a1c00000, 0x0000000100000000)
  region size 1024K, 3 young (3072K), 3 survivors (3072K)
 Metaspace       used 35376K, capacity 35852K, committed 36048K, reserved 1081344K
  class space    used 4110K, capacity 4294K, committed 4348K, reserved 1048576K
}
Event: 4.775 GC heap before
{Heap before GC invocations=6 (full 0):
 garbage-first heap   total 98304K, used 70889K [0x00000000a1c00000, 0x0000000100000000)
  region size 1024K, 46 young (47104K), 3 survivors (3072K)
 Metaspace       used 44984K, capacity 45478K, committed 45648K, reserved 1089536K
  class space    used 5263K, capacity 5448K, committed 5500K, reserved 1048576K
}
Event: 4.791 GC heap after
{Heap after GC invocations=7 (full 0):
 garbage-first heap   total 121856K, used 30415K [0x00000000a1c00000, 0x0000000100000000)
  region size 1024K, 6 young (6144K), 6 survivors (6144K)
 Metaspace       used 44984K, capacity 45478K, committed 45648K, reserved 1089536K
  class space    used 5263K, capacity 5448K, committed 5500K, reserved 1048576K
}
Event: 6.562 GC heap before
{Heap before GC invocations=7 (full 0):
 garbage-first heap   total 121856K, used 88783K [0x00000000a1c00000, 0x0000000100000000)
  region size 1024K, 63 young (64512K), 6 survivors (6144K)
 Metaspace       used 53977K, capacity 54602K, committed 54736K, reserved 1097728K
  class space    used 6275K, capacity 6525K, committed 6652K, reserved 1048576K
}
Event: 6.599 GC heap after
{Heap after GC invocations=8 (full 0):
 garbage-first heap   total 121856K, used 38303K [0x00000000a1c00000, 0x0000000100000000)
  region size 1024K, 8 young (8192K), 8 survivors (8192K)
 Metaspace       used 53977K, capacity 54602K, committed 54736K, reserved 1097728K
  class space    used 6275K, capacity 6525K, committed 6652K, reserved 1048576K
}
Event: 7.491 GC heap before
{Heap before GC invocations=8 (full 0):
 garbage-first heap   total 121856K, used 90527K [0x00000000a1c00000, 0x0000000100000000)
  region size 1024K, 58 young (59392K), 8 survivors (8192K)
 Metaspace       used 55558K, capacity 56218K, committed 56400K, reserved 1099776K
  class space    used 6398K, capacity 6635K, committed 6780K, reserved 1048576K
}
Event: 7.531 GC heap after
{Heap after GC invocations=9 (full 0):
 garbage-first heap   total 121856K, used 45568K [0x00000000a1c00000, 0x0000000100000000)
  region size 1024K, 7 young (7168K), 7 survivors (7168K)
 Metaspace       used 55558K, capacity 56218K, committed 56400K, reserved 1099776K
  class space    used 6398K, capacity 6635K, committed 6780K, reserved 1048576K
}
Event: 8.934 GC heap before
{Heap before GC invocations=9 (full 0):
 garbage-first heap   total 121856K, used 92672K [0x00000000a1c00000, 0x0000000100000000)
  region size 1024K, 53 young (54272K), 7 survivors (7168K)
 Metaspace       used 58642K, capacity 59308K, committed 59472K, reserved 1101824K
  class space    used 6722K, capacity 6994K, committed 7036K, reserved 1048576K
}
Event: 8.977 GC heap after
{Heap after GC invocations=10 (full 0):
 garbage-first heap   total 121856K, used 52736K [0x00000000a1c00000, 0x0000000100000000)
  region size 1024K, 7 young (7168K), 7 survivors (7168K)
 Metaspace       used 58642K, capacity 59308K, committed 59472K, reserved 1101824K
  class space    used 6722K, capacity 6994K, committed 7036K, reserved 1048576K
}
Event: 9.383 GC heap before
{Heap before GC invocations=10 (full 0):
 garbage-first heap   total 121856K, used 61952K [0x00000000a1c00000, 0x0000000100000000)
  region size 1024K, 17 young (17408K), 7 survivors (7168K)
 Metaspace       used 59777K, capacity 60417K, committed 60508K, reserved 1103872K
  class space    used 6828K, capacity 7105K, committed 7164K, reserved 1048576K
}
Event: 9.420 GC heap after
{Heap after GC invocations=11 (full 0):
 garbage-first heap   total 160768K, used 54784K [0x00000000a1c00000, 0x0000000100000000)
  region size 1024K, 2 young (2048K), 2 survivors (2048K)
 Metaspace       used 59777K, capacity 60417K, committed 60508K, reserved 1103872K
  class space    used 6828K, capacity 7105K, committed 7164K, reserved 1048576K
}

Deoptimization events (20 events):
Event: 12.062 Thread 0x0000022f602ba800 Uncommon trap: trap_request=0xffffff4d fr.pc=0x0000022f6b9d4c6c relative=0x000000000000022c
Event: 12.062 Thread 0x0000022f602ba800 Uncommon trap: reason=unstable_if action=reinterpret pc=0x0000022f6b9d4c6c method=org.jetbrains.kotlin.protobuf.SmallSortedMap.entrySet()Ljava/util/Set; @ 4 c2
Event: 12.062 Thread 0x0000022f602ba800 DEOPT PACKING pc=0x0000022f6b9d4c6c sp=0x00000090575fd130
Event: 12.062 Thread 0x0000022f602ba800 DEOPT UNPACKING pc=0x0000022f63c874af sp=0x00000090575fd090 mode 2
Event: 12.065 Thread 0x0000022f602ba800 Uncommon trap: trap_request=0xffffffc6 fr.pc=0x0000022f6ba65e68 relative=0x0000000000000bc8
Event: 12.065 Thread 0x0000022f602ba800 Uncommon trap: reason=bimorphic_or_optimized_type_check action=maybe_recompile pc=0x0000022f6ba65e68 method=org.jetbrains.kotlin.storage.LockBasedStorageManager$MapBasedMemoizedFunction.invoke(Ljava/lang/Object;)Ljava/lang/Object; @ 235 c2
Event: 12.065 Thread 0x0000022f602ba800 DEOPT PACKING pc=0x0000022f6ba65e68 sp=0x00000090575fd3a0
Event: 12.065 Thread 0x0000022f602ba800 DEOPT UNPACKING pc=0x0000022f63c874af sp=0x00000090575fd350 mode 2
Event: 12.071 Thread 0x0000022f602ba800 Uncommon trap: trap_request=0xffffffc6 fr.pc=0x0000022f6ba65e68 relative=0x0000000000000bc8
Event: 12.071 Thread 0x0000022f602ba800 Uncommon trap: reason=bimorphic_or_optimized_type_check action=maybe_recompile pc=0x0000022f6ba65e68 method=org.jetbrains.kotlin.storage.LockBasedStorageManager$MapBasedMemoizedFunction.invoke(Ljava/lang/Object;)Ljava/lang/Object; @ 235 c2
Event: 12.071 Thread 0x0000022f602ba800 DEOPT PACKING pc=0x0000022f6ba65e68 sp=0x00000090575fd670
Event: 12.071 Thread 0x0000022f602ba800 DEOPT UNPACKING pc=0x0000022f63c874af sp=0x00000090575fd620 mode 2
Event: 12.099 Thread 0x0000022f602ba800 Uncommon trap: trap_request=0xffffff4d fr.pc=0x0000022f6b99ab10 relative=0x0000000000000070
Event: 12.099 Thread 0x0000022f602ba800 Uncommon trap: reason=unstable_if action=reinterpret pc=0x0000022f6b99ab10 method=org.jetbrains.kotlin.descriptors.impl.FunctionDescriptorImpl.performOverriddenLazyCalculationIfNeeded()V @ 6 c2
Event: 12.099 Thread 0x0000022f602ba800 DEOPT PACKING pc=0x0000022f6b99ab10 sp=0x00000090575fd8c0
Event: 12.099 Thread 0x0000022f602ba800 DEOPT UNPACKING pc=0x0000022f63c874af sp=0x00000090575fd7f0 mode 2
Event: 12.119 Thread 0x0000022f602ba800 Uncommon trap: trap_request=0xffffff4d fr.pc=0x0000022f6b94c710 relative=0x0000000000000d30
Event: 12.119 Thread 0x0000022f602ba800 Uncommon trap: reason=unstable_if action=reinterpret pc=0x0000022f6b94c710 method=org.jetbrains.kotlin.metadata.ProtoBuf$Type.getSerializedSize()I @ 250 c2
Event: 12.119 Thread 0x0000022f602ba800 DEOPT PACKING pc=0x0000022f6b94c710 sp=0x00000090575fd720
Event: 12.119 Thread 0x0000022f602ba800 DEOPT UNPACKING pc=0x0000022f63c874af sp=0x00000090575fd6e0 mode 2

Classes redefined (0 events):
No events

Internal exceptions (20 events):
Event: 7.629 Thread 0x0000022f602ba800 Exception <a 'java/lang/NoSuchMethodError'{0x00000000a90e30e0}: 'java.lang.Object java.lang.invoke.DirectMethodHandle$Holder.invokeStatic(java.lang.Object, int, java.lang.Object, java.lang.Object)'> (0x00000000a90e30e0) thrown at [./src/hotspot/share/interpreter/linkResolver.cpp, line 773]
Event: 7.630 Thread 0x0000022f602ba800 Exception <a 'java/lang/NoSuchMethodError'{0x00000000a90ed5b0}: 'int java.lang.invoke.DirectMethodHandle$Holder.invokeInterface(java.lang.Object, java.lang.Object)'> (0x00000000a90ed5b0) thrown at [./src/hotspot/share/interpreter/linkResolver.cpp, line 773]
Event: 7.785 Thread 0x0000022f602ba800 Exception <a 'java/lang/NoSuchMethodError'{0x00000000a8a33098}: 'java.lang.Object java.lang.invoke.Invokers$Holder.linkToTargetMethod(java.lang.Object, java.lang.Object, java.lang.Object, java.lang.Object, java.lang.Object, java.lang.Object)'> (0x00000000a8a33098) thrown at [./src/hotspot/share/interpreter/linkResolver.cpp, line 773]
Event: 7.805 Thread 0x0000022f602ba800 Implicit null exception at 0x0000022f6b77eb5e to 0x0000022f6b77f2ca
Event: 7.805 Thread 0x0000022f602ba800 Implicit null exception at 0x0000022f6b7c422f to 0x0000022f6b7c429d
Event: 7.908 Thread 0x0000022f602ba800 Exception <a 'java/lang/NoSuchMethodError'{0x00000000a7f8a198}: 'java.lang.Object java.lang.invoke.Invokers$Holder.linkToTargetMethod(java.lang.Object, java.lang.Object, java.lang.Object, int, int, java.lang.Object)'> (0x00000000a7f8a198) thrown at [./src/hotspot/share/interpreter/linkResolver.cpp, line 773]
Event: 8.022 Thread 0x0000022f602ba800 Implicit null exception at 0x0000022f6b95cefc to 0x0000022f6b95d99c
Event: 8.039 Thread 0x0000022f602ba800 Exception <a 'java/lang/NoSuchMethodError'{0x00000000a7b25eb0}: 'java.lang.Object java.lang.invoke.DirectMethodHandle$Holder.invokeInterface(java.lang.Object, java.lang.Object, java.lang.Object)'> (0x00000000a7b25eb0) thrown at [./src/hotspot/share/interpreter/linkResolver.cpp, line 773]
Event: 8.040 Thread 0x0000022f602ba800 Exception <a 'java/lang/IncompatibleClassChangeError'{0x00000000a7b290e0}: Found class java.lang.Object, but interface was expected> (0x00000000a7b290e0) thrown at [./src/hotspot/share/interpreter/linkResolver.cpp, line 839]
Event: 8.057 Thread 0x0000022f602ba800 Implicit null exception at 0x0000022f6b739ef7 to 0x0000022f6b73a3f4
Event: 8.118 Thread 0x0000022f602ba800 Implicit null exception at 0x0000022f6b73bcf4 to 0x0000022f6b73c208
Event: 8.162 Thread 0x0000022f602ba800 Exception <a 'java/lang/NoSuchMethodError'{0x00000000a79e8190}: 'int java.lang.invoke.DirectMethodHandle$Holder.invokeStaticInit(java.lang.Object, int)'> (0x00000000a79e8190) thrown at [./src/hotspot/share/interpreter/linkResolver.cpp, line 773]
Event: 8.206 Thread 0x0000022f602ba800 Implicit null exception at 0x0000022f6b9848bf to 0x0000022f6b985bec
Event: 9.347 Thread 0x0000022f602ba800 Implicit null exception at 0x0000022f6b7786f5 to 0x0000022f6b7788bc
Event: 9.626 Thread 0x0000022f602ba800 Exception <a 'java/lang/NoSuchMethodError'{0x00000000ab579918}: 'int java.lang.invoke.DirectMethodHandle$Holder.invokeVirtual(java.lang.Object, java.lang.Object, java.lang.Object)'> (0x00000000ab579918) thrown at [./src/hotspot/share/interpreter/linkResolver.cpp, line 773]
Event: 9.887 Thread 0x0000022f602ba800 Exception <a 'java/lang/IncompatibleClassChangeError'{0x00000000ab16d518}: Found class java.lang.Object, but interface was expected> (0x00000000ab16d518) thrown at [./src/hotspot/share/interpreter/linkResolver.cpp, line 839]
Event: 10.495 Thread 0x0000022f602ba800 Exception <a 'java/lang/NoSuchMethodError'{0x00000000aa5b63f8}: 'java.lang.Object java.lang.invoke.Invokers$Holder.linkToTargetMethod(java.lang.Object, java.lang.Object, java.lang.Object, java.lang.Object, java.lang.Object, java.lang.Object, java.lang.Object)'> (0x00000000aa5b63f8) thrown at [./src/hotspot/share/interpreter/linkResolver.cpp, line 773]
Event: 11.599 Thread 0x0000022f602ba800 Implicit null exception at 0x0000022f6baea473 to 0x0000022f6baea620
Event: 11.981 Thread 0x0000022f602ba800 Implicit null exception at 0x0000022f6b911702 to 0x0000022f6b911960
Event: 11.981 Thread 0x0000022f602ba800 Implicit null exception at 0x0000022f6b7b35f5 to 0x0000022f6b7b37c8

Events (20 events):
Event: 12.109 loading class org/jetbrains/kotlin/codegen/CoercionValue
Event: 12.109 loading class org/jetbrains/kotlin/codegen/CoercionValue done
Event: 12.110 loading class org/jetbrains/org/objectweb/asm/commons/InstructionAdapter
Event: 12.110 loading class org/jetbrains/org/objectweb/asm/commons/InstructionAdapter done
Event: 12.110 loading class org/jetbrains/org/objectweb/asm/commons/InstructionAdapter
Event: 12.110 loading class org/jetbrains/org/objectweb/asm/commons/InstructionAdapter done
Event: 12.110 loading class kotlin/jvm/functions/Function1
Event: 12.110 loading class kotlin/jvm/functions/Function1 done
Event: 12.110 loading class org/jetbrains/kotlin/codegen/FieldInfo
Event: 12.110 loading class org/jetbrains/kotlin/codegen/FieldInfo done
Event: 12.113 loading class org/jetbrains/kotlin/renderer/RenderingUtilsKt
Event: 12.113 loading class org/jetbrains/kotlin/renderer/RenderingUtilsKt done
Event: 12.114 loading class org/jetbrains/kotlin/renderer/KeywordStringsGenerated
Event: 12.114 loading class org/jetbrains/kotlin/renderer/KeywordStringsGenerated done
Event: 12.116 loading class org/jetbrains/kotlin/renderer/DescriptorRendererImpl$appendTypeProjections$1
Event: 12.116 loading class org/jetbrains/kotlin/renderer/DescriptorRendererImpl$appendTypeProjections$1 done
Event: 12.120 loading class org/jetbrains/kotlin/psi/KtFile
Event: 12.120 loading class org/jetbrains/kotlin/psi/KtFile done
Event: 12.120 loading class org/jetbrains/kotlin/psi/KtFile
Event: 12.120 loading class org/jetbrains/kotlin/psi/KtFile done


Dynamic libraries:
0x00007ff7e0450000 - 0x00007ff7e045a000 	C:\dev\idma\android\jre\bin\java.exe
0x00007ff800ed0000 - 0x00007ff8010c5000 	C:\Windows\SYSTEM32\ntdll.dll
0x00007ff800dd0000 - 0x00007ff800e8d000 	C:\Windows\System32\KERNEL32.DLL
0x00007ffffe7b0000 - 0x00007ffffea78000 	C:\Windows\System32\KERNELBASE.dll
0x00007ffffeb40000 - 0x00007ffffec40000 	C:\Windows\System32\ucrtbase.dll
0x00007ffff0d80000 - 0x00007ffff0d99000 	C:\dev\idma\android\jre\bin\jli.dll
0x00007ffff2720000 - 0x00007ffff2737000 	C:\dev\idma\android\jre\bin\VCRUNTIME140.dll
0x00007ff8000a0000 - 0x00007ff800240000 	C:\Windows\System32\USER32.dll
0x00007ffffeda0000 - 0x00007ffffedc2000 	C:\Windows\System32\win32u.dll
0x00007fffff820000 - 0x00007fffff84a000 	C:\Windows\System32\GDI32.dll
0x00007ffffe6a0000 - 0x00007ffffe7ab000 	C:\Windows\System32\gdi32full.dll
0x00007ffffe600000 - 0x00007ffffe69d000 	C:\Windows\System32\msvcp_win.dll
0x00007ffff55b0000 - 0x00007ffff584a000 	C:\Windows\WinSxS\amd64_microsoft.windows.common-controls_6595b64144ccf1df_6.0.19041.1052_none_60b8f8fd71f5e8cb\COMCTL32.dll
0x00007ff800370000 - 0x00007ff80040e000 	C:\Windows\System32\msvcrt.dll
0x00007ff800070000 - 0x00007ff8000a0000 	C:\Windows\System32\IMM32.DLL
0x00007fffe9900000 - 0x00007fffe999d000 	C:\dev\idma\android\jre\bin\msvcp140.dll
0x00007fffbb9b0000 - 0x00007fffbc46c000 	C:\dev\idma\android\jre\bin\server\jvm.dll
0x00007ff800410000 - 0x00007ff8004bc000 	C:\Windows\System32\ADVAPI32.dll
0x00007fffffe20000 - 0x00007fffffebb000 	C:\Windows\System32\sechost.dll
0x00007ff800240000 - 0x00007ff80036b000 	C:\Windows\System32\RPCRT4.dll
0x00007fffff810000 - 0x00007fffff818000 	C:\Windows\System32\PSAPI.DLL
0x00007ffff6420000 - 0x00007ffff6447000 	C:\Windows\SYSTEM32\WINMM.dll
0x00007ffffb7c0000 - 0x00007ffffb7c9000 	C:\Windows\SYSTEM32\WSOCK32.dll
0x00007ff800d00000 - 0x00007ff800d6b000 	C:\Windows\System32\WS2_32.dll
0x00007ffff6830000 - 0x00007ffff683a000 	C:\Windows\SYSTEM32\VERSION.dll
0x00007ffffcf20000 - 0x00007ffffcf32000 	C:\Windows\SYSTEM32\kernel.appcore.dll
0x00007ffffb7a0000 - 0x00007ffffb7b1000 	C:\dev\idma\android\jre\bin\verify.dll
0x00007ffffcbf0000 - 0x00007ffffcdd4000 	C:\Windows\SYSTEM32\DBGHELP.DLL
0x00007fffec080000 - 0x00007fffec0ac000 	C:\Windows\SYSTEM32\dbgcore.DLL
0x00007ffffeab0000 - 0x00007ffffeb33000 	C:\Windows\System32\bcryptPrimitives.dll
0x00007ffffb770000 - 0x00007ffffb799000 	C:\dev\idma\android\jre\bin\java.dll
0x00007ffffb760000 - 0x00007ffffb76b000 	C:\dev\idma\android\jre\bin\jimage.dll
0x00007ffffb740000 - 0x00007ffffb758000 	C:\dev\idma\android\jre\bin\zip.dll
0x00007ff8004c0000 - 0x00007ff800bff000 	C:\Windows\System32\SHELL32.dll
0x00007ffffc390000 - 0x00007ffffcb20000 	C:\Windows\SYSTEM32\windows.storage.dll
0x00007fffff3a0000 - 0x00007fffff6f5000 	C:\Windows\System32\combase.dll
0x00007ffffe070000 - 0x00007ffffe09c000 	C:\Windows\SYSTEM32\Wldp.dll
0x00007fffff760000 - 0x00007fffff80e000 	C:\Windows\System32\SHCORE.dll
0x00007fffff700000 - 0x00007fffff755000 	C:\Windows\System32\shlwapi.dll
0x00007ffffe540000 - 0x00007ffffe55f000 	C:\Windows\SYSTEM32\profapi.dll
0x00007ffffb720000 - 0x00007ffffb73a000 	C:\dev\idma\android\jre\bin\net.dll
0x00007ffff3980000 - 0x00007ffff3a8b000 	C:\Windows\SYSTEM32\WINHTTP.dll
0x00007ffffdde0000 - 0x00007ffffde4a000 	C:\Windows\system32\mswsock.dll
0x00007ffffb700000 - 0x00007ffffb714000 	C:\dev\idma\android\jre\bin\nio.dll

dbghelp: loaded successfully - version: 4.0.5 - missing functions: none
symbol engine: initialized successfully - sym options: 0x614 - pdb path: .;C:\dev\idma\android\jre\bin;C:\Windows\SYSTEM32;C:\Windows\WinSxS\amd64_microsoft.windows.common-controls_6595b64144ccf1df_6.0.19041.1052_none_60b8f8fd71f5e8cb;C:\dev\idma\android\jre\bin\server

VM Arguments:
java_command: org.jetbrains.kotlin.cli.jvm.K2JVMCompiler @C:\Users\admin\AndroidStudioProjects\NewsApp\app\build\20210624_13667079242733005741.compiler.options
java_class_path (initial): C:\Users\admin\.gradle\caches\modules-2\files-2.1\org.jetbrains.kotlin\kotlin-compiler-embeddable\1.5.10\9c35134a025cab7a1e6eee0d87d241c2f30c1218\kotlin-compiler-embeddable-1.5.10.jar;C:\Users\admin\.gradle\caches\modules-2\files-2.1\org.jetbrains.kotlin\kotlin-reflect\1.5.10\d6c70f3c0df2457ea0095c61c1fc1188017dc3bc\kotlin-reflect-1.5.10.jar;C:\Users\admin\.gradle\caches\modules-2\files-2.1\org.jetbrains.kotlin\kotlin-stdlib\1.5.10\da6a904b132f0402fa4d79169a3c1770598d4702\kotlin-stdlib-1.5.10.jar;C:\Users\admin\.gradle\caches\modules-2\files-2.1\org.jetbrains.kotlin\kotlin-script-runtime\1.5.10\69bad0ece91b0797055aeadbd44dc742c458398b\kotlin-script-runtime-1.5.10.jar;C:\Users\admin\.gradle\caches\modules-2\files-2.1\org.jetbrains.kotlin\kotlin-daemon-embeddable\1.5.10\d06ad33b62b041dae0609f830c3b48135d53b8bc\kotlin-daemon-embeddable-1.5.10.jar;C:\Users\admin\.gradle\caches\modules-2\files-2.1\org.jetbrains.intellij.deps\trove4j\1.0.20181211\216c2e14b070f334479d800987affe4054cd563f\trove4j-1.0.20181211.jar;C:\Users\admin\.gradle\caches\modules-2\files-2.1\org.jetbrains\annotations\13.0\919f0dfe192fb4e063e7dacadee7f8bb9a2672a9\annotations-13.0.jar;C:\Users\admin\.gradle\caches\modules-2\files-2.1\org.jetbrains.kotlin\kotlin-stdlib-common\1.5.10\6b84d926e28493be69daf673e40076f89492ef7\kotlin-stdlib-common-1.5.10.jar
Launcher Type: SUN_STANDARD

[Global flags]
     intx CICompilerCount                          = 3                                         {product} {ergonomic}
     uint ConcGCThreads                            = 1                                         {product} {ergonomic}
     uint G1ConcRefinementThreads                  = 4                                         {product} {ergonomic}
   size_t G1HeapRegionSize                         = 1048576                                   {product} {ergonomic}
    uintx GCDrainStackTargetSize                   = 64                                        {product} {ergonomic}
   size_t InitialHeapSize                          = 100663296                                 {product} {ergonomic}
   size_t MarkStackSize                            = 4194304                                   {product} {ergonomic}
   size_t MaxHeapSize                              = 1581252608                                {product} {ergonomic}
   size_t MaxNewSize                               = 947912704                                 {product} {ergonomic}
   size_t MinHeapDeltaBytes                        = 1048576                                   {product} {ergonomic}
    uintx NonNMethodCodeHeapSize                   = 5830732                                {pd product} {ergonomic}
    uintx NonProfiledCodeHeapSize                  = 122913754                              {pd product} {ergonomic}
    uintx ProfiledCodeHeapSize                     = 122913754                              {pd product} {ergonomic}
    uintx ReservedCodeCacheSize                    = 251658240                              {pd product} {ergonomic}
     bool SegmentedCodeCache                       = true                                      {product} {ergonomic}
     bool UseCompressedClassPointers               = true                                 {lp64_product} {ergonomic}
     bool UseCompressedOops                        = true                                 {lp64_product} {ergonomic}
     bool UseG1GC                                  = true                                      {product} {ergonomic}
     bool UseLargePagesIndividualAllocation        = false                                  {pd product} {ergonomic}

Logging:
Log output configuration:
 #0: stdout all=warning uptime,level,tags
 #1: stderr all=off uptime,level,tags

Environment Variables:
PATH=C:\Program Files\Common Files\Oracle\Java\javapath;C:\Program Files (x86)\NVIDIA Corporation\PhysX\Common;C:\Program Files (x86)\Intel\iCLS Client\;C:\Program Files\Intel\iCLS Client\;C:\Windows\system32;C:\Windows;C:\Windows\System32\Wbem;C:\Windows\System32\WindowsPowerShell\v1.0\;C:\Windows\System32\OpenSSH\;C:\Program Files\Intel\Intel(R) Management Engine Components\DAL;C:\Program Files\Intel\Intel(R) Management Engine Components\IPT;C:\Program Files (x86)\Intel\Intel(R) Management Engine Components\DAL;C:\Program Files (x86)\Intel\Intel(R) Management Engine Components\IPT;C:\Program Files (x86)\Intel\OpenCL SDK\3.0\bin\x86;C:\Program Files (x86)\Intel\OpenCL SDK\3.0\bin\x64;C:\Program Files\Git\cmd;C:\Users\admin\AppData\Local\Microsoft\WindowsApps
USERNAME=admin
OS=Windows_NT
PROCESSOR_IDENTIFIER=Intel64 Family 6 Model 69 Stepping 1, GenuineIntel



---------------  S Y S T E M  ---------------

OS: Windows 10 , 64 bit Build 19041 (10.0.19041.1023)
OS uptime: 0 days 14:55 hours

CPU:total 4 (initial active 4) (2 cores per cpu, 2 threads per core) family 6 model 69 stepping 1, cmov, cx8, fxsr, mmx, sse, sse2, sse3, ssse3, sse4.1, sse4.2, popcnt, avx, avx2, aes, clmul, erms, lzcnt, ht, tsc, tscinvbit, bmi1, bmi2, fma

Memory: 4k page, system-wide physical 6027M (565M free)
TotalPageFile size 11027M (AvailPageFile size 4M)
current process WorkingSet (physical memory assigned to process): 356M, peak: 364M
current process commit charge ("private bytes"): 386M, peak: 396M

vm_info: OpenJDK 64-Bit Server VM (11.0.8+10-b944.6842174) for windows-amd64 JRE (11.0.8+10-b944.6842174), built on Sep 19 2020 01:11:42 by "builder" with MS VC++ 14.0 (VS2015)

END.
