#
# There is insufficient memory for the Java Runtime Environment to continue.
# Native memory allocation (mmap) failed to map 100663296 bytes for Failed to commit area from 0x00000000a1c00000 to 0x00000000a7c00000 of length 100663296.
# Possible reasons:
#   The system is out of physical RAM or swap space
#   The process is running with CompressedOops enabled, and the Java Heap may be blocking the growth of the native heap
# Possible solutions:
#   Reduce memory load on the system
#   Increase physical memory or swap space
#   Check if swap backing store is full
#   Decrease Java heap size (-Xmx/-Xms)
#   Decrease number of Java threads
#   Decrease Java thread stack sizes (-Xss)
#   Set larger code cache with -XX:ReservedCodeCacheSize=
# This output file may be truncated or incomplete.
#
#  Out of Memory Error (./src/hotspot/os/windows/os_windows.cpp:3303), pid=5292, tid=9588
#
# JRE version:  (11.0.8+10) (build )
# Java VM: OpenJDK 64-Bit Server VM (11.0.8+10-b944.6842174, mixed mode, sharing, tiered, compressed oops, g1 gc, windows-amd64)
# No core dump will be written. Minidumps are not enabled by default on client versions of Windows
#

---------------  S U M M A R Y ------------

Command Line: org.jetbrains.kotlin.cli.jvm.K2JVMCompiler @C:\Users\admin\AndroidStudioProjects\NewsApp\app\build\20210624_7624232153460782360.compiler.options

Host: Intel(R) Core(TM) i7-4500U CPU @ 1.80GHz, 4 cores, 5G,  Windows 10 , 64 bit Build 19041 (10.0.19041.1023)
Time: Thu Jun 24 00:18:34 2021 Iran Daylight Time elapsed time: 0 seconds (0d 0h 0m 0s)

---------------  T H R E A D  ---------------

Current thread (0x000001eda1647800):  JavaThread "Unknown thread" [_thread_in_vm, id=9588, stack(0x0000008da2800000,0x0000008da2900000)]

Stack: [0x0000008da2800000,0x0000008da2900000]
Native frames: (J=compiled Java code, j=interpreted, Vv=VM code, C=native code)
V  [jvm.dll+0x5de50a]
V  [jvm.dll+0x7122f5]
V  [jvm.dll+0x71384d]
V  [jvm.dll+0x713f03]
V  [jvm.dll+0x23e728]
V  [jvm.dll+0x5db9a4]
V  [jvm.dll+0x5d0ae5]
V  [jvm.dll+0x2fb20b]
V  [jvm.dll+0x2fb17a]
V  [jvm.dll+0x2fb052]
V  [jvm.dll+0x2fff16]
V  [jvm.dll+0x348743]
V  [jvm.dll+0x348e46]
V  [jvm.dll+0x348843]
V  [jvm.dll+0x2d5d68]
V  [jvm.dll+0x2d6f07]
V  [jvm.dll+0x6f11f7]
V  [jvm.dll+0x6f29ec]
V  [jvm.dll+0x355cb9]
V  [jvm.dll+0x6d4ade]
V  [jvm.dll+0x3bdfe3]
V  [jvm.dll+0x3c0201]
C  [jli.dll+0x5373]
C  [ucrtbase.dll+0x21bb2]
C  [KERNEL32.DLL+0x17034]
C  [ntdll.dll+0x52651]


---------------  P R O C E S S  ---------------

Threads class SMR info:
_java_thread_list=0x000001eda14c0a30, length=0, elements={
}

Java Threads: ( => current thread )

Other Threads:
  0x000001eda1661000 GCTaskThread "GC Thread#0" [stack: 0x0000008da2900000,0x0000008da2a00000] [id=8252]
  0x000001eda1686000 ConcurrentGCThread "G1 Main Marker" [stack: 0x0000008da2a00000,0x0000008da2b00000] [id=8696]
  0x000001eda1687800 ConcurrentGCThread "G1 Conc#0" [stack: 0x0000008da2b00000,0x0000008da2c00000] [id=8700]

[error occurred during error reporting (printing all threads), id 0xc0000005, EXCEPTION_ACCESS_VIOLATION (0xc0000005) at pc=0x00007fffbbc96357]

VM state:not at safepoint (not fully initialized)

VM Mutex/Monitor currently owned by a thread:  ([mutex/lock_event])
[0x000001eda1646a30] Heap_lock - owner thread: 0x000001eda1647800

Heap address: 0x00000000a1c00000, size: 1508 MB, Compressed Oops mode: Non-zero based: 0x00000000a1c00000
Narrow klass base: 0x0000000000000000, Narrow klass shift: 0

GC Heap History (0 events):
No events

Deoptimization events (0 events):
No events

Classes redefined (0 events):
No events

Internal exceptions (0 events):
No events

Events (1 events):
Event: 0.012 Loaded shared library C:\dev\idma\android\jre\bin\zip.dll


Dynamic libraries:
0x00007ff7e0450000 - 0x00007ff7e045a000 	C:\dev\idma\android\jre\bin\java.exe
0x00007ff800ed0000 - 0x00007ff8010c5000 	C:\Windows\SYSTEM32\ntdll.dll
0x00007ff800dd0000 - 0x00007ff800e8d000 	C:\Windows\System32\KERNEL32.DLL
0x00007ffffe7b0000 - 0x00007ffffea78000 	C:\Windows\System32\KERNELBASE.dll
0x00007ffffeb40000 - 0x00007ffffec40000 	C:\Windows\System32\ucrtbase.dll
0x00007ffff2720000 - 0x00007ffff2737000 	C:\dev\idma\android\jre\bin\VCRUNTIME140.dll
0x00007ffff0d80000 - 0x00007ffff0d99000 	C:\dev\idma\android\jre\bin\jli.dll
0x00007ff8000a0000 - 0x00007ff800240000 	C:\Windows\System32\USER32.dll
0x00007ffffeda0000 - 0x00007ffffedc2000 	C:\Windows\System32\win32u.dll
0x00007ffff55b0000 - 0x00007ffff584a000 	C:\Windows\WinSxS\amd64_microsoft.windows.common-controls_6595b64144ccf1df_6.0.19041.1052_none_60b8f8fd71f5e8cb\COMCTL32.dll
0x00007fffff820000 - 0x00007fffff84a000 	C:\Windows\System32\GDI32.dll
0x00007ffffe6a0000 - 0x00007ffffe7ab000 	C:\Windows\System32\gdi32full.dll
0x00007ff800370000 - 0x00007ff80040e000 	C:\Windows\System32\msvcrt.dll
0x00007ffffe600000 - 0x00007ffffe69d000 	C:\Windows\System32\msvcp_win.dll
0x00007ff800070000 - 0x00007ff8000a0000 	C:\Windows\System32\IMM32.DLL
0x00007fffe9900000 - 0x00007fffe999d000 	C:\dev\idma\android\jre\bin\msvcp140.dll
0x00007fffbb9b0000 - 0x00007fffbc46c000 	C:\dev\idma\android\jre\bin\server\jvm.dll
0x00007ff800410000 - 0x00007ff8004bc000 	C:\Windows\System32\ADVAPI32.dll
0x00007fffffe20000 - 0x00007fffffebb000 	C:\Windows\System32\sechost.dll
0x00007ff800240000 - 0x00007ff80036b000 	C:\Windows\System32\RPCRT4.dll
0x00007fffff810000 - 0x00007fffff818000 	C:\Windows\System32\PSAPI.DLL
0x00007ffffb7c0000 - 0x00007ffffb7c9000 	C:\Windows\SYSTEM32\WSOCK32.dll
0x00007ffff6420000 - 0x00007ffff6447000 	C:\Windows\SYSTEM32\WINMM.dll
0x00007ffff6830000 - 0x00007ffff683a000 	C:\Windows\SYSTEM32\VERSION.dll
0x00007ff800d00000 - 0x00007ff800d6b000 	C:\Windows\System32\WS2_32.dll
0x00007ffffcf20000 - 0x00007ffffcf32000 	C:\Windows\SYSTEM32\kernel.appcore.dll
0x00007ffffb7a0000 - 0x00007ffffb7b1000 	C:\dev\idma\android\jre\bin\verify.dll
0x00007ffffcbf0000 - 0x00007ffffcdd4000 	C:\Windows\SYSTEM32\DBGHELP.DLL
0x00007fffec080000 - 0x00007fffec0ac000 	C:\Windows\SYSTEM32\dbgcore.DLL
0x00007ffffeab0000 - 0x00007ffffeb33000 	C:\Windows\System32\bcryptPrimitives.dll
0x00007ffffb770000 - 0x00007ffffb799000 	C:\dev\idma\android\jre\bin\java.dll
0x00007ffffb760000 - 0x00007ffffb76b000 	C:\dev\idma\android\jre\bin\jimage.dll
0x00007ffffb740000 - 0x00007ffffb758000 	C:\dev\idma\android\jre\bin\zip.dll

dbghelp: loaded successfully - version: 4.0.5 - missing functions: none
symbol engine: initialized successfully - sym options: 0x614 - pdb path: .;C:\dev\idma\android\jre\bin;C:\Windows\SYSTEM32;C:\Windows\WinSxS\amd64_microsoft.windows.common-controls_6595b64144ccf1df_6.0.19041.1052_none_60b8f8fd71f5e8cb;C:\dev\idma\android\jre\bin\server

VM Arguments:
java_command: org.jetbrains.kotlin.cli.jvm.K2JVMCompiler @C:\Users\admin\AndroidStudioProjects\NewsApp\app\build\20210624_7624232153460782360.compiler.options
java_class_path (initial): C:\Users\admin\.gradle\caches\modules-2\files-2.1\org.jetbrains.kotlin\kotlin-compiler-embeddable\1.5.10\9c35134a025cab7a1e6eee0d87d241c2f30c1218\kotlin-compiler-embeddable-1.5.10.jar;C:\Users\admin\.gradle\caches\modules-2\files-2.1\org.jetbrains.kotlin\kotlin-reflect\1.5.10\d6c70f3c0df2457ea0095c61c1fc1188017dc3bc\kotlin-reflect-1.5.10.jar;C:\Users\admin\.gradle\caches\modules-2\files-2.1\org.jetbrains.kotlin\kotlin-stdlib\1.5.10\da6a904b132f0402fa4d79169a3c1770598d4702\kotlin-stdlib-1.5.10.jar;C:\Users\admin\.gradle\caches\modules-2\files-2.1\org.jetbrains.kotlin\kotlin-script-runtime\1.5.10\69bad0ece91b0797055aeadbd44dc742c458398b\kotlin-script-runtime-1.5.10.jar;C:\Users\admin\.gradle\caches\modules-2\files-2.1\org.jetbrains.kotlin\kotlin-daemon-embeddable\1.5.10\d06ad33b62b041dae0609f830c3b48135d53b8bc\kotlin-daemon-embeddable-1.5.10.jar;C:\Users\admin\.gradle\caches\modules-2\files-2.1\org.jetbrains.intellij.deps\trove4j\1.0.20181211\216c2e14b070f334479d800987affe4054cd563f\trove4j-1.0.20181211.jar;C:\Users\admin\.gradle\caches\modules-2\files-2.1\org.jetbrains\annotations\13.0\919f0dfe192fb4e063e7dacadee7f8bb9a2672a9\annotations-13.0.jar;C:\Users\admin\.gradle\caches\modules-2\files-2.1\org.jetbrains.kotlin\kotlin-stdlib-common\1.5.10\6b84d926e28493be69daf673e40076f89492ef7\kotlin-stdlib-common-1.5.10.jar
Launcher Type: SUN_STANDARD

[Global flags]
     intx CICompilerCount                          = 3                                         {product} {ergonomic}
     uint ConcGCThreads                            = 1                                         {product} {ergonomic}
     uint G1ConcRefinementThreads                  = 4                                         {product} {ergonomic}
   size_t G1HeapRegionSize                         = 1048576                                   {product} {ergonomic}
    uintx GCDrainStackTargetSize                   = 64                                        {product} {ergonomic}
   size_t InitialHeapSize                          = 100663296                                 {product} {ergonomic}
   size_t MarkStackSize                            = 4194304                                   {product} {ergonomic}
   size_t MaxHeapSize                              = 1581252608                                {product} {ergonomic}
   size_t MinHeapDeltaBytes                        = 1048576                                   {product} {ergonomic}
    uintx NonNMethodCodeHeapSize                   = 5830732                                {pd product} {ergonomic}
    uintx NonProfiledCodeHeapSize                  = 122913754                              {pd product} {ergonomic}
    uintx ProfiledCodeHeapSize                     = 122913754                              {pd product} {ergonomic}
    uintx ReservedCodeCacheSize                    = 251658240                              {pd product} {ergonomic}
     bool SegmentedCodeCache                       = true                                      {product} {ergonomic}
     bool UseCompressedClassPointers               = true                                 {lp64_product} {ergonomic}
     bool UseCompressedOops                        = true                                 {lp64_product} {ergonomic}
     bool UseG1GC                                  = true                                      {product} {ergonomic}
     bool UseLargePagesIndividualAllocation        = false                                  {pd product} {ergonomic}

Logging:
Log output configuration:
 #0: stdout all=warning uptime,level,tags
 #1: stderr all=off uptime,level,tags

Environment Variables:
PATH=C:\Program Files\Common Files\Oracle\Java\javapath;C:\Program Files (x86)\NVIDIA Corporation\PhysX\Common;C:\Program Files (x86)\Intel\iCLS Client\;C:\Program Files\Intel\iCLS Client\;C:\Windows\system32;C:\Windows;C:\Windows\System32\Wbem;C:\Windows\System32\WindowsPowerShell\v1.0\;C:\Windows\System32\OpenSSH\;C:\Program Files\Intel\Intel(R) Management Engine Components\DAL;C:\Program Files\Intel\Intel(R) Management Engine Components\IPT;C:\Program Files (x86)\Intel\Intel(R) Management Engine Components\DAL;C:\Program Files (x86)\Intel\Intel(R) Management Engine Components\IPT;C:\Program Files (x86)\Intel\OpenCL SDK\3.0\bin\x86;C:\Program Files (x86)\Intel\OpenCL SDK\3.0\bin\x64;C:\Program Files\Git\cmd;C:\Users\admin\AppData\Local\Microsoft\WindowsApps
USERNAME=admin
OS=Windows_NT
PROCESSOR_IDENTIFIER=Intel64 Family 6 Model 69 Stepping 1, GenuineIntel



---------------  S Y S T E M  ---------------

OS: Windows 10 , 64 bit Build 19041 (10.0.19041.1023)
OS uptime: 0 days 14:45 hours

CPU:total 4 (initial active 4) (2 cores per cpu, 2 threads per core) family 6 model 69 stepping 1, cmov, cx8, fxsr, mmx, sse, sse2, sse3, ssse3, sse4.1, sse4.2, popcnt, avx, avx2, aes, clmul, erms, lzcnt, ht, tsc, tscinvbit, bmi1, bmi2, fma

Memory: 4k page, system-wide physical 6027M (456M free)
TotalPageFile size 11027M (AvailPageFile size 93M)
current process WorkingSet (physical memory assigned to process): 9M, peak: 9M
current process commit charge ("private bytes"): 51M, peak: 147M

vm_info: OpenJDK 64-Bit Server VM (11.0.8+10-b944.6842174) for windows-amd64 JRE (11.0.8+10-b944.6842174), built on Sep 19 2020 01:11:42 by "builder" with MS VC++ 14.0 (VS2015)

END.
